{"/home/abhi/Downloads/fedora/habit-tracker/src/lib/utils.ts":{"path":"/home/abhi/Downloads/fedora/habit-tracker/src/lib/utils.ts","statementMap":{"0":{"start":{"line":5,"column":2},"end":{"line":5,"column":30}}},"fnMap":{"0":{"name":"cn","decl":{"start":{"line":4,"column":16},"end":{"line":4,"column":18}},"loc":{"start":{"line":4,"column":44},"end":{"line":6,"column":1}},"line":4}},"branchMap":{},"s":{"0":0},"f":{"0":0},"b":{},"_coverageSchema":"1a1c01bbd47fc00a2c39e90264f33305004495a9","hash":"0083c0c47e4a64a550510ae3b93df2249280e7f3"},"/home/abhi/Downloads/fedora/habit-tracker/src/components/ui/button.tsx":{"path":"/home/abhi/Downloads/fedora/habit-tracker/src/components/ui/button.tsx","statementMap":{"0":{"start":{"line":7,"column":23},"end":{"line":37,"column":1}},"1":{"start":{"line":49,"column":15},"end":{"line":49,"column":40}},"2":{"start":{"line":51,"column":2},"end":{"line":59,"column":3}}},"fnMap":{"0":{"name":"Button","decl":{"start":{"line":39,"column":9},"end":{"line":39,"column":15}},"loc":{"start":{"line":48,"column":5},"end":{"line":60,"column":1}},"line":48}},"branchMap":{"0":{"loc":{"start":{"line":41,"column":2},"end":{"line":41,"column":21}},"type":"default-arg","locations":[{"start":{"line":41,"column":12},"end":{"line":41,"column":21}}],"line":41},"1":{"loc":{"start":{"line":42,"column":2},"end":{"line":42,"column":18}},"type":"default-arg","locations":[{"start":{"line":42,"column":9},"end":{"line":42,"column":18}}],"line":42},"2":{"loc":{"start":{"line":43,"column":2},"end":{"line":43,"column":17}},"type":"default-arg","locations":[{"start":{"line":43,"column":12},"end":{"line":43,"column":17}}],"line":43},"3":{"loc":{"start":{"line":49,"column":15},"end":{"line":49,"column":40}},"type":"cond-expr","locations":[{"start":{"line":49,"column":25},"end":{"line":49,"column":29}},{"start":{"line":49,"column":32},"end":{"line":49,"column":40}}],"line":49}},"s":{"0":1,"1":0,"2":0},"f":{"0":0},"b":{"0":[0],"1":[0],"2":[0],"3":[0,0]},"_coverageSchema":"1a1c01bbd47fc00a2c39e90264f33305004495a9","hash":"485b6be7f685e72531635c0f5c6c8ac0c97271d7"},"/home/abhi/Downloads/fedora/habit-tracker/src/app/error.tsx":{"path":"/home/abhi/Downloads/fedora/habit-tracker/src/app/error.tsx","statementMap":{"0":{"start":{"line":16,"column":2},"end":{"line":19,"column":14}},"1":{"start":{"line":18,"column":4},"end":{"line":18,"column":25}},"2":{"start":{"line":21,"column":2},"end":{"line":63,"column":4}}},"fnMap":{"0":{"name":"Error","decl":{"start":{"line":9,"column":24},"end":{"line":9,"column":29}},"loc":{"start":{"line":15,"column":3},"end":{"line":64,"column":1}},"line":15},"1":{"name":"(anonymous_1)","decl":{"start":{"line":16,"column":12},"end":{"line":16,"column":13}},"loc":{"start":{"line":16,"column":18},"end":{"line":19,"column":3}},"line":16}},"branchMap":{"0":{"loc":{"start":{"line":56,"column":9},"end":{"line":60,"column":9}},"type":"binary-expr","locations":[{"start":{"line":56,"column":9},"end":{"line":56,"column":21}},{"start":{"line":57,"column":10},"end":{"line":59,"column":14}}],"line":56}},"s":{"0":0,"1":0,"2":0},"f":{"0":0,"1":0},"b":{"0":[0,0]},"_coverageSchema":"1a1c01bbd47fc00a2c39e90264f33305004495a9","hash":"0f7aca951d11f59842af4d343a039c169dd7e9cd"},"/home/abhi/Downloads/fedora/habit-tracker/src/app/not-found.tsx":{"path":"/home/abhi/Downloads/fedora/habit-tracker/src/app/not-found.tsx","statementMap":{"0":{"start":{"line":9,"column":2},"end":{"line":55,"column":4}}},"fnMap":{"0":{"name":"NotFound","decl":{"start":{"line":8,"column":24},"end":{"line":8,"column":32}},"loc":{"start":{"line":8,"column":35},"end":{"line":56,"column":1}},"line":8}},"branchMap":{},"s":{"0":0},"f":{"0":0},"b":{},"_coverageSchema":"1a1c01bbd47fc00a2c39e90264f33305004495a9","hash":"aead4a5d23db71cbb943e2235e3e54462b596ac6"},"/home/abhi/Downloads/fedora/habit-tracker/src/lib/supabase/client.ts":{"path":"/home/abhi/Downloads/fedora/habit-tracker/src/lib/supabase/client.ts","statementMap":{"0":{"start":{"line":5,"column":2},"end":{"line":14,"column":4}},"1":{"start":{"line":18,"column":60},"end":{"line":18,"column":64}},"2":{"start":{"line":21,"column":2},"end":{"line":23,"column":3}},"3":{"start":{"line":22,"column":4},"end":{"line":22,"column":35}},"4":{"start":{"line":24,"column":2},"end":{"line":24,"column":23}}},"fnMap":{"0":{"name":"createClient","decl":{"start":{"line":4,"column":16},"end":{"line":4,"column":28}},"loc":{"start":{"line":4,"column":31},"end":{"line":15,"column":1}},"line":4},"1":{"name":"getSupabaseClient","decl":{"start":{"line":20,"column":16},"end":{"line":20,"column":33}},"loc":{"start":{"line":20,"column":36},"end":{"line":25,"column":1}},"line":20}},"branchMap":{"0":{"loc":{"start":{"line":21,"column":2},"end":{"line":23,"column":3}},"type":"if","locations":[{"start":{"line":21,"column":2},"end":{"line":23,"column":3}},{"start":{},"end":{}}],"line":21}},"s":{"0":0,"1":1,"2":0,"3":0,"4":0},"f":{"0":0,"1":0},"b":{"0":[0,0]},"_coverageSchema":"1a1c01bbd47fc00a2c39e90264f33305004495a9","hash":"b9f759b9433fbb6c636b9d31468a929b690149f7"},"/home/abhi/Downloads/fedora/habit-tracker/src/providers/auth-provider.tsx":{"path":"/home/abhi/Downloads/fedora/habit-tracker/src/providers/auth-provider.tsx","statementMap":{"0":{"start":{"line":20,"column":20},"end":{"line":20,"column":73}},"1":{"start":{"line":23,"column":26},"end":{"line":23,"column":53}},"2":{"start":{"line":24,"column":32},"end":{"line":24,"column":62}},"3":{"start":{"line":25,"column":36},"end":{"line":25,"column":50}},"4":{"start":{"line":26,"column":17},"end":{"line":26,"column":28}},"5":{"start":{"line":28,"column":2},"end":{"line":55,"column":15}},"6":{"start":{"line":29,"column":21},"end":{"line":29,"column":40}},"7":{"start":{"line":32,"column":4},"end":{"line":36,"column":7}},"8":{"start":{"line":33,"column":6},"end":{"line":33,"column":26}},"9":{"start":{"line":34,"column":6},"end":{"line":34,"column":37}},"10":{"start":{"line":35,"column":6},"end":{"line":35,"column":26}},"11":{"start":{"line":39,"column":39},"end":{"line":50,"column":5}},"12":{"start":{"line":41,"column":8},"end":{"line":41,"column":28}},"13":{"start":{"line":42,"column":8},"end":{"line":42,"column":39}},"14":{"start":{"line":43,"column":8},"end":{"line":43,"column":28}},"15":{"start":{"line":46,"column":8},"end":{"line":48,"column":9}},"16":{"start":{"line":47,"column":10},"end":{"line":47,"column":27}},"17":{"start":{"line":52,"column":4},"end":{"line":54,"column":6}},"18":{"start":{"line":53,"column":6},"end":{"line":53,"column":33}},"19":{"start":{"line":57,"column":17},"end":{"line":69,"column":8}},"20":{"start":{"line":58,"column":21},"end":{"line":58,"column":40}},"21":{"start":{"line":59,"column":22},"end":{"line":66,"column":6}},"22":{"start":{"line":68,"column":4},"end":{"line":68,"column":21}},"23":{"start":{"line":71,"column":17},"end":{"line":79,"column":8}},"24":{"start":{"line":72,"column":21},"end":{"line":72,"column":40}},"25":{"start":{"line":73,"column":22},"end":{"line":76,"column":6}},"26":{"start":{"line":78,"column":4},"end":{"line":78,"column":21}},"27":{"start":{"line":81,"column":27},"end":{"line":90,"column":8}},"28":{"start":{"line":82,"column":21},"end":{"line":82,"column":40}},"29":{"start":{"line":83,"column":22},"end":{"line":88,"column":6}},"30":{"start":{"line":89,"column":4},"end":{"line":89,"column":21}},"31":{"start":{"line":92,"column":18},"end":{"line":123,"column":14}},"32":{"start":{"line":93,"column":21},"end":{"line":93,"column":40}},"33":{"start":{"line":96,"column":4},"end":{"line":96,"column":34}},"34":{"start":{"line":102,"column":4},"end":{"line":107,"column":7}},"35":{"start":{"line":110,"column":4},"end":{"line":119,"column":5}},"36":{"start":{"line":111,"column":6},"end":{"line":118,"column":7}},"37":{"start":{"line":112,"column":30},"end":{"line":112,"column":78}},"38":{"start":{"line":113,"column":8},"end":{"line":115,"column":9}},"39":{"start":{"line":114,"column":10},"end":{"line":114,"column":42}},"40":{"start":{"line":117,"column":8},"end":{"line":117,"column":81}},"41":{"start":{"line":122,"column":4},"end":{"line":122,"column":26}},"42":{"start":{"line":125,"column":24},"end":{"line":131,"column":8}},"43":{"start":{"line":126,"column":21},"end":{"line":126,"column":40}},"44":{"start":{"line":127,"column":22},"end":{"line":129,"column":6}},"45":{"start":{"line":130,"column":4},"end":{"line":130,"column":21}},"46":{"start":{"line":133,"column":2},"end":{"line":149,"column":4}},"47":{"start":{"line":153,"column":18},"end":{"line":153,"column":41}},"48":{"start":{"line":154,"column":2},"end":{"line":156,"column":3}},"49":{"start":{"line":155,"column":4},"end":{"line":155,"column":67}},"50":{"start":{"line":157,"column":2},"end":{"line":157,"column":17}}},"fnMap":{"0":{"name":"AuthProvider","decl":{"start":{"line":22,"column":16},"end":{"line":22,"column":28}},"loc":{"start":{"line":22,"column":74},"end":{"line":150,"column":1}},"line":22},"1":{"name":"(anonymous_1)","decl":{"start":{"line":28,"column":12},"end":{"line":28,"column":13}},"loc":{"start":{"line":28,"column":18},"end":{"line":55,"column":3}},"line":28},"2":{"name":"(anonymous_2)","decl":{"start":{"line":32,"column":36},"end":{"line":32,"column":37}},"loc":{"start":{"line":32,"column":63},"end":{"line":36,"column":5}},"line":32},"3":{"name":"(anonymous_3)","decl":{"start":{"line":40,"column":6},"end":{"line":40,"column":7}},"loc":{"start":{"line":40,"column":32},"end":{"line":49,"column":7}},"line":40},"4":{"name":"(anonymous_4)","decl":{"start":{"line":52,"column":11},"end":{"line":52,"column":12}},"loc":{"start":{"line":52,"column":17},"end":{"line":54,"column":5}},"line":52},"5":{"name":"(anonymous_5)","decl":{"start":{"line":57,"column":29},"end":{"line":57,"column":30}},"loc":{"start":{"line":57,"column":91},"end":{"line":69,"column":3}},"line":57},"6":{"name":"(anonymous_6)","decl":{"start":{"line":71,"column":29},"end":{"line":71,"column":30}},"loc":{"start":{"line":71,"column":72},"end":{"line":79,"column":3}},"line":71},"7":{"name":"(anonymous_7)","decl":{"start":{"line":81,"column":39},"end":{"line":81,"column":40}},"loc":{"start":{"line":81,"column":51},"end":{"line":90,"column":3}},"line":81},"8":{"name":"(anonymous_8)","decl":{"start":{"line":92,"column":30},"end":{"line":92,"column":31}},"loc":{"start":{"line":92,"column":42},"end":{"line":123,"column":3}},"line":92},"9":{"name":"(anonymous_9)","decl":{"start":{"line":105,"column":13},"end":{"line":105,"column":14}},"loc":{"start":{"line":105,"column":19},"end":{"line":107,"column":5}},"line":105},"10":{"name":"(anonymous_10)","decl":{"start":{"line":125,"column":36},"end":{"line":125,"column":37}},"loc":{"start":{"line":125,"column":61},"end":{"line":131,"column":3}},"line":125},"11":{"name":"useAuth","decl":{"start":{"line":152,"column":16},"end":{"line":152,"column":23}},"loc":{"start":{"line":152,"column":26},"end":{"line":158,"column":1}},"line":152}},"branchMap":{"0":{"loc":{"start":{"line":34,"column":14},"end":{"line":34,"column":35}},"type":"binary-expr","locations":[{"start":{"line":34,"column":14},"end":{"line":34,"column":27}},{"start":{"line":34,"column":31},"end":{"line":34,"column":35}}],"line":34},"1":{"loc":{"start":{"line":42,"column":16},"end":{"line":42,"column":37}},"type":"binary-expr","locations":[{"start":{"line":42,"column":16},"end":{"line":42,"column":29}},{"start":{"line":42,"column":33},"end":{"line":42,"column":37}}],"line":42},"2":{"loc":{"start":{"line":46,"column":8},"end":{"line":48,"column":9}},"type":"if","locations":[{"start":{"line":46,"column":8},"end":{"line":48,"column":9}},{"start":{},"end":{}}],"line":46},"3":{"loc":{"start":{"line":46,"column":12},"end":{"line":46,"column":92}},"type":"binary-expr","locations":[{"start":{"line":46,"column":12},"end":{"line":46,"column":33}},{"start":{"line":46,"column":37},"end":{"line":46,"column":59}},{"start":{"line":46,"column":63},"end":{"line":46,"column":92}}],"line":46},"4":{"loc":{"start":{"line":64,"column":14},"end":{"line":64,"column":60}},"type":"cond-expr","locations":[{"start":{"line":64,"column":25},"end":{"line":64,"column":48}},{"start":{"line":64,"column":51},"end":{"line":64,"column":60}}],"line":64},"5":{"loc":{"start":{"line":110,"column":4},"end":{"line":119,"column":5}},"type":"if","locations":[{"start":{"line":110,"column":4},"end":{"line":119,"column":5}},{"start":{},"end":{}}],"line":110},"6":{"loc":{"start":{"line":110,"column":8},"end":{"line":110,"column":69}},"type":"binary-expr","locations":[{"start":{"line":110,"column":8},"end":{"line":110,"column":37}},{"start":{"line":110,"column":41},"end":{"line":110,"column":69}}],"line":110},"7":{"loc":{"start":{"line":154,"column":2},"end":{"line":156,"column":3}},"type":"if","locations":[{"start":{"line":154,"column":2},"end":{"line":156,"column":3}},{"start":{},"end":{}}],"line":154}},"s":{"0":1,"1":0,"2":0,"3":0,"4":0,"5":0,"6":0,"7":0,"8":0,"9":0,"10":0,"11":0,"12":0,"13":0,"14":0,"15":0,"16":0,"17":0,"18":0,"19":0,"20":0,"21":0,"22":0,"23":0,"24":0,"25":0,"26":0,"27":0,"28":0,"29":0,"30":0,"31":0,"32":0,"33":0,"34":0,"35":0,"36":0,"37":0,"38":0,"39":0,"40":0,"41":0,"42":0,"43":0,"44":0,"45":0,"46":0,"47":0,"48":0,"49":0,"50":0},"f":{"0":0,"1":0,"2":0,"3":0,"4":0,"5":0,"6":0,"7":0,"8":0,"9":0,"10":0,"11":0},"b":{"0":[0,0],"1":[0,0],"2":[0,0],"3":[0,0,0],"4":[0,0],"5":[0,0],"6":[0,0],"7":[0,0]},"_coverageSchema":"1a1c01bbd47fc00a2c39e90264f33305004495a9","hash":"7a950d32fee904d82b6a38f49dd82241de515cb9"},"/home/abhi/Downloads/fedora/habit-tracker/src/components/ui/input.tsx":{"path":"/home/abhi/Downloads/fedora/habit-tracker/src/components/ui/input.tsx","statementMap":{"0":{"start":{"line":6,"column":2},"end":{"line":18,"column":3}}},"fnMap":{"0":{"name":"Input","decl":{"start":{"line":5,"column":9},"end":{"line":5,"column":14}},"loc":{"start":{"line":5,"column":77},"end":{"line":19,"column":1}},"line":5}},"branchMap":{},"s":{"0":0},"f":{"0":0},"b":{},"_coverageSchema":"1a1c01bbd47fc00a2c39e90264f33305004495a9","hash":"834b225652f12daee998b3551240d635a91aebaa"},"/home/abhi/Downloads/fedora/habit-tracker/src/components/auth/auth-form.tsx":{"path":"/home/abhi/Downloads/fedora/habit-tracker/src/components/auth/auth-form.tsx","statementMap":{"0":{"start":{"line":15,"column":79},"end":{"line":15,"column":88}},"1":{"start":{"line":16,"column":17},"end":{"line":16,"column":28}},"2":{"start":{"line":17,"column":23},"end":{"line":17,"column":40}},"3":{"start":{"line":18,"column":25},"end":{"line":18,"column":75}},"4":{"start":{"line":20,"column":26},"end":{"line":20,"column":54}},"5":{"start":{"line":21,"column":28},"end":{"line":21,"column":40}},"6":{"start":{"line":22,"column":34},"end":{"line":22,"column":46}},"7":{"start":{"line":23,"column":34},"end":{"line":23,"column":46}},"8":{"start":{"line":24,"column":42},"end":{"line":24,"column":57}},"9":{"start":{"line":25,"column":36},"end":{"line":25,"column":51}},"10":{"start":{"line":28,"column":2},"end":{"line":32,"column":48}},"11":{"start":{"line":29,"column":4},"end":{"line":31,"column":5}},"12":{"start":{"line":30,"column":6},"end":{"line":30,"column":34}},"13":{"start":{"line":34,"column":23},"end":{"line":70,"column":3}},"14":{"start":{"line":35,"column":4},"end":{"line":35,"column":23}},"15":{"start":{"line":36,"column":4},"end":{"line":36,"column":23}},"16":{"start":{"line":38,"column":4},"end":{"line":69,"column":5}},"17":{"start":{"line":39,"column":6},"end":{"line":64,"column":7}},"18":{"start":{"line":40,"column":26},"end":{"line":40,"column":52}},"19":{"start":{"line":41,"column":8},"end":{"line":46,"column":9}},"20":{"start":{"line":42,"column":10},"end":{"line":42,"column":37}},"21":{"start":{"line":44,"column":10},"end":{"line":44,"column":72}},"22":{"start":{"line":45,"column":10},"end":{"line":45,"column":28}},"23":{"start":{"line":47,"column":13},"end":{"line":64,"column":7}},"24":{"start":{"line":48,"column":26},"end":{"line":48,"column":85}},"25":{"start":{"line":49,"column":8},"end":{"line":54,"column":9}},"26":{"start":{"line":50,"column":10},"end":{"line":50,"column":37}},"27":{"start":{"line":52,"column":10},"end":{"line":52,"column":67}},"28":{"start":{"line":53,"column":10},"end":{"line":53,"column":167}},"29":{"start":{"line":56,"column":26},"end":{"line":56,"column":55}},"30":{"start":{"line":57,"column":8},"end":{"line":63,"column":9}},"31":{"start":{"line":58,"column":10},"end":{"line":58,"column":37}},"32":{"start":{"line":60,"column":10},"end":{"line":60,"column":41}},"33":{"start":{"line":61,"column":10},"end":{"line":61,"column":27}},"34":{"start":{"line":62,"column":10},"end":{"line":62,"column":38}},"35":{"start":{"line":66,"column":6},"end":{"line":66,"column":50}},"36":{"start":{"line":68,"column":6},"end":{"line":68,"column":26}},"37":{"start":{"line":72,"column":29},"end":{"line":79,"column":3}},"38":{"start":{"line":73,"column":4},"end":{"line":73,"column":23}},"39":{"start":{"line":74,"column":22},"end":{"line":74,"column":46}},"40":{"start":{"line":75,"column":4},"end":{"line":78,"column":5}},"41":{"start":{"line":76,"column":6},"end":{"line":76,"column":33}},"42":{"start":{"line":77,"column":6},"end":{"line":77,"column":26}},"43":{"start":{"line":81,"column":2},"end":{"line":329,"column":4}},"44":{"start":{"line":168,"column":35},"end":{"line":168,"column":62}},"45":{"start":{"line":182,"column":33},"end":{"line":182,"column":57}},"46":{"start":{"line":197,"column":35},"end":{"line":197,"column":62}},"47":{"start":{"line":206,"column":33},"end":{"line":206,"column":63}},"48":{"start":{"line":218,"column":33},"end":{"line":218,"column":49}},"49":{"start":{"line":289,"column":33},"end":{"line":289,"column":50}},"50":{"start":{"line":301,"column":33},"end":{"line":301,"column":50}},"51":{"start":{"line":313,"column":33},"end":{"line":313,"column":50}}},"fnMap":{"0":{"name":"AuthForm","decl":{"start":{"line":14,"column":16},"end":{"line":14,"column":24}},"loc":{"start":{"line":14,"column":27},"end":{"line":330,"column":1}},"line":14},"1":{"name":"(anonymous_1)","decl":{"start":{"line":28,"column":12},"end":{"line":28,"column":13}},"loc":{"start":{"line":28,"column":18},"end":{"line":32,"column":3}},"line":28},"2":{"name":"(anonymous_2)","decl":{"start":{"line":34,"column":23},"end":{"line":34,"column":24}},"loc":{"start":{"line":34,"column":53},"end":{"line":70,"column":3}},"line":34},"3":{"name":"(anonymous_3)","decl":{"start":{"line":72,"column":29},"end":{"line":72,"column":30}},"loc":{"start":{"line":72,"column":41},"end":{"line":79,"column":3}},"line":72},"4":{"name":"(anonymous_4)","decl":{"start":{"line":168,"column":28},"end":{"line":168,"column":29}},"loc":{"start":{"line":168,"column":35},"end":{"line":168,"column":62}},"line":168},"5":{"name":"(anonymous_5)","decl":{"start":{"line":182,"column":26},"end":{"line":182,"column":27}},"loc":{"start":{"line":182,"column":33},"end":{"line":182,"column":57}},"line":182},"6":{"name":"(anonymous_6)","decl":{"start":{"line":197,"column":28},"end":{"line":197,"column":29}},"loc":{"start":{"line":197,"column":35},"end":{"line":197,"column":62}},"line":197},"7":{"name":"(anonymous_7)","decl":{"start":{"line":206,"column":27},"end":{"line":206,"column":28}},"loc":{"start":{"line":206,"column":33},"end":{"line":206,"column":63}},"line":206},"8":{"name":"(anonymous_8)","decl":{"start":{"line":218,"column":27},"end":{"line":218,"column":28}},"loc":{"start":{"line":218,"column":33},"end":{"line":218,"column":49}},"line":218},"9":{"name":"(anonymous_9)","decl":{"start":{"line":289,"column":27},"end":{"line":289,"column":28}},"loc":{"start":{"line":289,"column":33},"end":{"line":289,"column":50}},"line":289},"10":{"name":"(anonymous_10)","decl":{"start":{"line":301,"column":27},"end":{"line":301,"column":28}},"loc":{"start":{"line":301,"column":33},"end":{"line":301,"column":50}},"line":301},"11":{"name":"(anonymous_11)","decl":{"start":{"line":313,"column":27},"end":{"line":313,"column":28}},"loc":{"start":{"line":313,"column":33},"end":{"line":313,"column":50}},"line":313}},"branchMap":{"0":{"loc":{"start":{"line":18,"column":25},"end":{"line":18,"column":75}},"type":"binary-expr","locations":[{"start":{"line":18,"column":25},"end":{"line":18,"column":59}},{"start":{"line":18,"column":63},"end":{"line":18,"column":75}}],"line":18},"1":{"loc":{"start":{"line":29,"column":4},"end":{"line":31,"column":5}},"type":"if","locations":[{"start":{"line":29,"column":4},"end":{"line":31,"column":5}},{"start":{},"end":{}}],"line":29},"2":{"loc":{"start":{"line":39,"column":6},"end":{"line":64,"column":7}},"type":"if","locations":[{"start":{"line":39,"column":6},"end":{"line":64,"column":7}},{"start":{"line":47,"column":13},"end":{"line":64,"column":7}}],"line":39},"3":{"loc":{"start":{"line":41,"column":8},"end":{"line":46,"column":9}},"type":"if","locations":[{"start":{"line":41,"column":8},"end":{"line":46,"column":9}},{"start":{"line":43,"column":15},"end":{"line":46,"column":9}}],"line":41},"4":{"loc":{"start":{"line":47,"column":13},"end":{"line":64,"column":7}},"type":"if","locations":[{"start":{"line":47,"column":13},"end":{"line":64,"column":7}},{"start":{"line":55,"column":13},"end":{"line":64,"column":7}}],"line":47},"5":{"loc":{"start":{"line":48,"column":56},"end":{"line":48,"column":84}},"type":"binary-expr","locations":[{"start":{"line":48,"column":56},"end":{"line":48,"column":71}},{"start":{"line":48,"column":75},"end":{"line":48,"column":84}}],"line":48},"6":{"loc":{"start":{"line":49,"column":8},"end":{"line":54,"column":9}},"type":"if","locations":[{"start":{"line":49,"column":8},"end":{"line":54,"column":9}},{"start":{"line":51,"column":15},"end":{"line":54,"column":9}}],"line":49},"7":{"loc":{"start":{"line":53,"column":24},"end":{"line":53,"column":165}},"type":"cond-expr","locations":[{"start":{"line":53,"column":42},"end":{"line":53,"column":108}},{"start":{"line":53,"column":111},"end":{"line":53,"column":165}}],"line":53},"8":{"loc":{"start":{"line":57,"column":8},"end":{"line":63,"column":9}},"type":"if","locations":[{"start":{"line":57,"column":8},"end":{"line":63,"column":9}},{"start":{"line":59,"column":15},"end":{"line":63,"column":9}}],"line":57},"9":{"loc":{"start":{"line":75,"column":4},"end":{"line":78,"column":5}},"type":"if","locations":[{"start":{"line":75,"column":4},"end":{"line":78,"column":5}},{"start":{},"end":{}}],"line":75},"10":{"loc":{"start":{"line":147,"column":15},"end":{"line":147,"column":50}},"type":"binary-expr","locations":[{"start":{"line":147,"column":15},"end":{"line":147,"column":32}},{"start":{"line":147,"column":36},"end":{"line":147,"column":50}}],"line":147},"11":{"loc":{"start":{"line":148,"column":15},"end":{"line":148,"column":52}},"type":"binary-expr","locations":[{"start":{"line":148,"column":15},"end":{"line":148,"column":32}},{"start":{"line":148,"column":36},"end":{"line":148,"column":52}}],"line":148},"12":{"loc":{"start":{"line":149,"column":15},"end":{"line":149,"column":51}},"type":"binary-expr","locations":[{"start":{"line":149,"column":15},"end":{"line":149,"column":31}},{"start":{"line":149,"column":35},"end":{"line":149,"column":51}}],"line":149},"13":{"loc":{"start":{"line":152,"column":15},"end":{"line":152,"column":80}},"type":"binary-expr","locations":[{"start":{"line":152,"column":15},"end":{"line":152,"column":32}},{"start":{"line":152,"column":36},"end":{"line":152,"column":80}}],"line":152},"14":{"loc":{"start":{"line":153,"column":15},"end":{"line":153,"column":72}},"type":"binary-expr","locations":[{"start":{"line":153,"column":15},"end":{"line":153,"column":32}},{"start":{"line":153,"column":36},"end":{"line":153,"column":72}}],"line":153},"15":{"loc":{"start":{"line":154,"column":15},"end":{"line":154,"column":77}},"type":"binary-expr","locations":[{"start":{"line":154,"column":15},"end":{"line":154,"column":31}},{"start":{"line":154,"column":35},"end":{"line":154,"column":77}}],"line":154},"16":{"loc":{"start":{"line":161,"column":13},"end":{"line":174,"column":13}},"type":"binary-expr","locations":[{"start":{"line":161,"column":13},"end":{"line":161,"column":30}},{"start":{"line":162,"column":14},"end":{"line":173,"column":20}}],"line":161},"17":{"loc":{"start":{"line":190,"column":13},"end":{"line":212,"column":13}},"type":"binary-expr","locations":[{"start":{"line":190,"column":13},"end":{"line":190,"column":29}},{"start":{"line":191,"column":14},"end":{"line":211,"column":20}}],"line":190},"18":{"loc":{"start":{"line":194,"column":24},"end":{"line":194,"column":58}},"type":"cond-expr","locations":[{"start":{"line":194,"column":39},"end":{"line":194,"column":45}},{"start":{"line":194,"column":48},"end":{"line":194,"column":58}}],"line":194},"19":{"loc":{"start":{"line":202,"column":32},"end":{"line":202,"column":87}},"type":"cond-expr","locations":[{"start":{"line":202,"column":52},"end":{"line":202,"column":66}},{"start":{"line":202,"column":69},"end":{"line":202,"column":87}}],"line":202},"20":{"loc":{"start":{"line":209,"column":19},"end":{"line":209,"column":94}},"type":"cond-expr","locations":[{"start":{"line":209,"column":34},"end":{"line":209,"column":64}},{"start":{"line":209,"column":67},"end":{"line":209,"column":94}}],"line":209},"21":{"loc":{"start":{"line":214,"column":13},"end":{"line":224,"column":13}},"type":"binary-expr","locations":[{"start":{"line":214,"column":13},"end":{"line":214,"column":30}},{"start":{"line":215,"column":14},"end":{"line":223,"column":20}}],"line":214},"22":{"loc":{"start":{"line":227,"column":15},"end":{"line":235,"column":15}},"type":"cond-expr","locations":[{"start":{"line":228,"column":16},"end":{"line":228,"column":60}},{"start":{"line":230,"column":16},"end":{"line":234,"column":19}}],"line":227},"23":{"loc":{"start":{"line":231,"column":19},"end":{"line":231,"column":49}},"type":"binary-expr","locations":[{"start":{"line":231,"column":19},"end":{"line":231,"column":36}},{"start":{"line":231,"column":40},"end":{"line":231,"column":49}}],"line":231},"24":{"loc":{"start":{"line":232,"column":19},"end":{"line":232,"column":56}},"type":"binary-expr","locations":[{"start":{"line":232,"column":19},"end":{"line":232,"column":36}},{"start":{"line":232,"column":40},"end":{"line":232,"column":56}}],"line":232},"25":{"loc":{"start":{"line":233,"column":19},"end":{"line":233,"column":56}},"type":"binary-expr","locations":[{"start":{"line":233,"column":19},"end":{"line":233,"column":35}},{"start":{"line":233,"column":39},"end":{"line":233,"column":56}}],"line":233},"26":{"loc":{"start":{"line":240,"column":11},"end":{"line":280,"column":11}},"type":"binary-expr","locations":[{"start":{"line":240,"column":11},"end":{"line":240,"column":27}},{"start":{"line":241,"column":12},"end":{"line":279,"column":15}}],"line":240},"27":{"loc":{"start":{"line":284,"column":13},"end":{"line":295,"column":13}},"type":"binary-expr","locations":[{"start":{"line":284,"column":13},"end":{"line":284,"column":30}},{"start":{"line":285,"column":14},"end":{"line":294,"column":18}}],"line":284},"28":{"loc":{"start":{"line":296,"column":13},"end":{"line":307,"column":13}},"type":"binary-expr","locations":[{"start":{"line":296,"column":13},"end":{"line":296,"column":30}},{"start":{"line":297,"column":14},"end":{"line":306,"column":18}}],"line":296},"29":{"loc":{"start":{"line":308,"column":13},"end":{"line":319,"column":13}},"type":"binary-expr","locations":[{"start":{"line":308,"column":13},"end":{"line":308,"column":29}},{"start":{"line":309,"column":14},"end":{"line":318,"column":18}}],"line":308}},"s":{"0":0,"1":0,"2":0,"3":0,"4":0,"5":0,"6":0,"7":0,"8":0,"9":0,"10":0,"11":0,"12":0,"13":0,"14":0,"15":0,"16":0,"17":0,"18":0,"19":0,"20":0,"21":0,"22":0,"23":0,"24":0,"25":0,"26":0,"27":0,"28":0,"29":0,"30":0,"31":0,"32":0,"33":0,"34":0,"35":0,"36":0,"37":0,"38":0,"39":0,"40":0,"41":0,"42":0,"43":0,"44":0,"45":0,"46":0,"47":0,"48":0,"49":0,"50":0,"51":0},"f":{"0":0,"1":0,"2":0,"3":0,"4":0,"5":0,"6":0,"7":0,"8":0,"9":0,"10":0,"11":0},"b":{"0":[0,0],"1":[0,0],"2":[0,0],"3":[0,0],"4":[0,0],"5":[0,0],"6":[0,0],"7":[0,0],"8":[0,0],"9":[0,0],"10":[0,0],"11":[0,0],"12":[0,0],"13":[0,0],"14":[0,0],"15":[0,0],"16":[0,0],"17":[0,0],"18":[0,0],"19":[0,0],"20":[0,0],"21":[0,0],"22":[0,0],"23":[0,0],"24":[0,0],"25":[0,0],"26":[0,0],"27":[0,0],"28":[0,0],"29":[0,0]},"_coverageSchema":"1a1c01bbd47fc00a2c39e90264f33305004495a9","hash":"cff3590694926d6abdff98be8a373e46924e7171"},"/home/abhi/Downloads/fedora/habit-tracker/src/components/auth/index.ts":{"path":"/home/abhi/Downloads/fedora/habit-tracker/src/components/auth/index.ts","statementMap":{},"fnMap":{},"branchMap":{},"s":{},"f":{},"b":{},"_coverageSchema":"1a1c01bbd47fc00a2c39e90264f33305004495a9","hash":"1f3fe3299ceb6252e3d58adffe51226ab760d381"},"/home/abhi/Downloads/fedora/habit-tracker/src/app/login/page.tsx":{"path":"/home/abhi/Downloads/fedora/habit-tracker/src/app/login/page.tsx","statementMap":{"0":{"start":{"line":6,"column":2},"end":{"line":6,"column":22}}},"fnMap":{"0":{"name":"LoginPage","decl":{"start":{"line":5,"column":24},"end":{"line":5,"column":33}},"loc":{"start":{"line":5,"column":36},"end":{"line":7,"column":1}},"line":5}},"branchMap":{},"s":{"0":0},"f":{"0":0},"b":{},"_coverageSchema":"1a1c01bbd47fc00a2c39e90264f33305004495a9","hash":"efc362fb87752d6fdf4e9055c6fa68724635d2ef"},"/home/abhi/Downloads/fedora/habit-tracker/src/components/ui/card.tsx":{"path":"/home/abhi/Downloads/fedora/habit-tracker/src/components/ui/card.tsx","statementMap":{"0":{"start":{"line":6,"column":2},"end":{"line":15,"column":3}},"1":{"start":{"line":19,"column":2},"end":{"line":28,"column":3}},"2":{"start":{"line":32,"column":2},"end":{"line":38,"column":3}},"3":{"start":{"line":42,"column":2},"end":{"line":48,"column":3}},"4":{"start":{"line":52,"column":2},"end":{"line":61,"column":3}},"5":{"start":{"line":65,"column":2},"end":{"line":71,"column":3}},"6":{"start":{"line":75,"column":2},"end":{"line":81,"column":3}}},"fnMap":{"0":{"name":"Card","decl":{"start":{"line":5,"column":9},"end":{"line":5,"column":13}},"loc":{"start":{"line":5,"column":68},"end":{"line":16,"column":1}},"line":5},"1":{"name":"CardHeader","decl":{"start":{"line":18,"column":9},"end":{"line":18,"column":19}},"loc":{"start":{"line":18,"column":74},"end":{"line":29,"column":1}},"line":18},"2":{"name":"CardTitle","decl":{"start":{"line":31,"column":9},"end":{"line":31,"column":18}},"loc":{"start":{"line":31,"column":73},"end":{"line":39,"column":1}},"line":31},"3":{"name":"CardDescription","decl":{"start":{"line":41,"column":9},"end":{"line":41,"column":24}},"loc":{"start":{"line":41,"column":79},"end":{"line":49,"column":1}},"line":41},"4":{"name":"CardAction","decl":{"start":{"line":51,"column":9},"end":{"line":51,"column":19}},"loc":{"start":{"line":51,"column":74},"end":{"line":62,"column":1}},"line":51},"5":{"name":"CardContent","decl":{"start":{"line":64,"column":9},"end":{"line":64,"column":20}},"loc":{"start":{"line":64,"column":75},"end":{"line":72,"column":1}},"line":64},"6":{"name":"CardFooter","decl":{"start":{"line":74,"column":9},"end":{"line":74,"column":19}},"loc":{"start":{"line":74,"column":74},"end":{"line":82,"column":1}},"line":74}},"branchMap":{},"s":{"0":0,"1":0,"2":0,"3":0,"4":0,"5":0,"6":0},"f":{"0":0,"1":0,"2":0,"3":0,"4":0,"5":0,"6":0},"b":{},"_coverageSchema":"1a1c01bbd47fc00a2c39e90264f33305004495a9","hash":"a026774263e62f1b176b41d2998e89d373cef121"},"/home/abhi/Downloads/fedora/habit-tracker/src/lib/db.ts":{"path":"/home/abhi/Downloads/fedora/habit-tracker/src/lib/db.ts","statementMap":{"0":{"start":{"line":15,"column":11},"end":{"line":26,"column":1}},"1":{"start":{"line":29,"column":0},"end":{"line":53,"column":3}},"2":{"start":{"line":39,"column":17},"end":{"line":39,"column":51}},"3":{"start":{"line":40,"column":24},"end":{"line":48,"column":7}},"4":{"start":{"line":41,"column":24},"end":{"line":41,"column":35}},"5":{"start":{"line":42,"column":22},"end":{"line":48,"column":5}},"6":{"start":{"line":50,"column":2},"end":{"line":52,"column":3}},"7":{"start":{"line":51,"column":4},"end":{"line":51,"column":59}},"8":{"start":{"line":56,"column":0},"end":{"line":127,"column":3}},"9":{"start":{"line":66,"column":14},"end":{"line":66,"column":38}},"10":{"start":{"line":69,"column":22},"end":{"line":69,"column":61}},"11":{"start":{"line":70,"column":2},"end":{"line":76,"column":3}},"12":{"start":{"line":71,"column":4},"end":{"line":75,"column":5}},"13":{"start":{"line":72,"column":6},"end":{"line":74,"column":9}},"14":{"start":{"line":79,"column":21},"end":{"line":79,"column":59}},"15":{"start":{"line":80,"column":2},"end":{"line":86,"column":3}},"16":{"start":{"line":81,"column":4},"end":{"line":85,"column":5}},"17":{"start":{"line":82,"column":6},"end":{"line":84,"column":9}},"18":{"start":{"line":89,"column":16},"end":{"line":89,"column":49}},"19":{"start":{"line":90,"column":2},"end":{"line":96,"column":3}},"20":{"start":{"line":91,"column":4},"end":{"line":95,"column":5}},"21":{"start":{"line":92,"column":6},"end":{"line":94,"column":9}},"22":{"start":{"line":99,"column":19},"end":{"line":99,"column":59}},"23":{"start":{"line":100,"column":2},"end":{"line":106,"column":3}},"24":{"start":{"line":101,"column":4},"end":{"line":105,"column":5}},"25":{"start":{"line":102,"column":6},"end":{"line":104,"column":9}},"26":{"start":{"line":109,"column":19},"end":{"line":109,"column":55}},"27":{"start":{"line":110,"column":2},"end":{"line":116,"column":3}},"28":{"start":{"line":111,"column":4},"end":{"line":115,"column":5}},"29":{"start":{"line":112,"column":6},"end":{"line":114,"column":9}},"30":{"start":{"line":119,"column":24},"end":{"line":119,"column":65}},"31":{"start":{"line":120,"column":2},"end":{"line":126,"column":3}},"32":{"start":{"line":121,"column":4},"end":{"line":125,"column":5}},"33":{"start":{"line":122,"column":6},"end":{"line":124,"column":9}},"34":{"start":{"line":130,"column":0},"end":{"line":150,"column":3}},"35":{"start":{"line":141,"column":16},"end":{"line":141,"column":49}},"36":{"start":{"line":142,"column":2},"end":{"line":149,"column":3}},"37":{"start":{"line":143,"column":4},"end":{"line":148,"column":5}},"38":{"start":{"line":144,"column":6},"end":{"line":147,"column":9}},"39":{"start":{"line":153,"column":0},"end":{"line":164,"column":3}},"40":{"start":{"line":176,"column":19},"end":{"line":179,"column":12}},"41":{"start":{"line":181,"column":2},"end":{"line":183,"column":3}},"42":{"start":{"line":182,"column":4},"end":{"line":182,"column":52}},"43":{"start":{"line":185,"column":14},"end":{"line":185,"column":38}},"44":{"start":{"line":186,"column":38},"end":{"line":195,"column":3}},"45":{"start":{"line":196,"column":2},"end":{"line":196,"column":41}},"46":{"start":{"line":203,"column":26},"end":{"line":203,"column":84}},"47":{"start":{"line":204,"column":2},"end":{"line":206,"column":53}},"48":{"start":{"line":214,"column":2},"end":{"line":214,"column":25}},"49":{"start":{"line":214,"column":15},"end":{"line":214,"column":25}},"50":{"start":{"line":215,"column":2},"end":{"line":215,"column":91}},"51":{"start":{"line":215,"column":62},"end":{"line":215,"column":73}},"52":{"start":{"line":219,"column":2},"end":{"line":219,"column":25}},"53":{"start":{"line":219,"column":15},"end":{"line":219,"column":25}},"54":{"start":{"line":220,"column":2},"end":{"line":220,"column":86}},"55":{"start":{"line":220,"column":62},"end":{"line":220,"column":74}},"56":{"start":{"line":224,"column":14},"end":{"line":224,"column":38}},"57":{"start":{"line":225,"column":23},"end":{"line":240,"column":3}},"58":{"start":{"line":242,"column":2},"end":{"line":242,"column":29}},"59":{"start":{"line":243,"column":2},"end":{"line":243,"column":15}},"60":{"start":{"line":247,"column":2},"end":{"line":247,"column":79}},"61":{"start":{"line":251,"column":14},"end":{"line":251,"column":38}},"62":{"start":{"line":252,"column":2},"end":{"line":256,"column":5}},"63":{"start":{"line":260,"column":2},"end":{"line":264,"column":5}},"64":{"start":{"line":261,"column":4},"end":{"line":263,"column":5}},"65":{"start":{"line":261,"column":17},"end":{"line":261,"column":18}},"66":{"start":{"line":262,"column":6},"end":{"line":262,"column":58}},"67":{"start":{"line":272,"column":35},"end":{"line":272,"column":106}},"68":{"start":{"line":273,"column":14},"end":{"line":273,"column":38}},"69":{"start":{"line":275,"column":2},"end":{"line":281,"column":3}},"70":{"start":{"line":276,"column":4},"end":{"line":276,"column":49}},"71":{"start":{"line":277,"column":4},"end":{"line":277,"column":31}},"72":{"start":{"line":278,"column":4},"end":{"line":278,"column":59}},"73":{"start":{"line":280,"column":4},"end":{"line":280,"column":41}},"74":{"start":{"line":282,"column":2},"end":{"line":282,"column":20}},"75":{"start":{"line":286,"column":35},"end":{"line":286,"column":124}},"76":{"start":{"line":287,"column":14},"end":{"line":287,"column":38}},"77":{"start":{"line":289,"column":2},"end":{"line":289,"column":30}},"78":{"start":{"line":290,"column":2},"end":{"line":290,"column":31}},"79":{"start":{"line":291,"column":2},"end":{"line":291,"column":29}},"80":{"start":{"line":293,"column":2},"end":{"line":297,"column":3}},"81":{"start":{"line":294,"column":4},"end":{"line":294,"column":59}},"82":{"start":{"line":296,"column":4},"end":{"line":296,"column":41}},"83":{"start":{"line":298,"column":2},"end":{"line":298,"column":20}},"84":{"start":{"line":302,"column":35},"end":{"line":302,"column":107}},"85":{"start":{"line":303,"column":14},"end":{"line":303,"column":38}},"86":{"start":{"line":305,"column":2},"end":{"line":305,"column":31}},"87":{"start":{"line":306,"column":2},"end":{"line":306,"column":32}},"88":{"start":{"line":307,"column":2},"end":{"line":307,"column":29}},"89":{"start":{"line":309,"column":2},"end":{"line":311,"column":3}},"90":{"start":{"line":310,"column":4},"end":{"line":310,"column":59}},"91":{"start":{"line":312,"column":2},"end":{"line":312,"column":20}},"92":{"start":{"line":316,"column":37},"end":{"line":316,"column":39}},"93":{"start":{"line":318,"column":2},"end":{"line":355,"column":5}},"94":{"start":{"line":319,"column":4},"end":{"line":354,"column":5}},"95":{"start":{"line":320,"column":23},"end":{"line":323,"column":16}},"96":{"start":{"line":325,"column":18},"end":{"line":325,"column":42}},"97":{"start":{"line":327,"column":6},"end":{"line":353,"column":7}},"98":{"start":{"line":328,"column":8},"end":{"line":339,"column":9}},"99":{"start":{"line":329,"column":43},"end":{"line":334,"column":11}},"100":{"start":{"line":335,"column":10},"end":{"line":335,"column":60}},"101":{"start":{"line":336,"column":10},"end":{"line":336,"column":32}},"102":{"start":{"line":338,"column":10},"end":{"line":338,"column":33}},"103":{"start":{"line":341,"column":47},"end":{"line":350,"column":9}},"104":{"start":{"line":351,"column":8},"end":{"line":351,"column":48}},"105":{"start":{"line":352,"column":8},"end":{"line":352,"column":36}},"106":{"start":{"line":357,"column":2},"end":{"line":357,"column":17}},"107":{"start":{"line":361,"column":2},"end":{"line":365,"column":15}},"108":{"start":{"line":364,"column":17},"end":{"line":364,"column":36}},"109":{"start":{"line":369,"column":25},"end":{"line":369,"column":55}},"110":{"start":{"line":370,"column":15},"end":{"line":370,"column":40}},"111":{"start":{"line":371,"column":31},"end":{"line":371,"column":33}},"112":{"start":{"line":373,"column":2},"end":{"line":380,"column":3}},"113":{"start":{"line":374,"column":16},"end":{"line":374,"column":58}},"114":{"start":{"line":375,"column":4},"end":{"line":379,"column":5}},"115":{"start":{"line":376,"column":6},"end":{"line":376,"column":37}},"116":{"start":{"line":378,"column":6},"end":{"line":378,"column":35}},"117":{"start":{"line":382,"column":2},"end":{"line":384,"column":3}},"118":{"start":{"line":383,"column":4},"end":{"line":383,"column":48}},"119":{"start":{"line":386,"column":2},"end":{"line":386,"column":27}},"120":{"start":{"line":390,"column":20},"end":{"line":390,"column":45}},"121":{"start":{"line":391,"column":15},"end":{"line":391,"column":39}},"122":{"start":{"line":392,"column":31},"end":{"line":392,"column":33}},"123":{"start":{"line":393,"column":69},"end":{"line":393,"column":71}},"124":{"start":{"line":395,"column":2},"end":{"line":411,"column":3}},"125":{"start":{"line":396,"column":16},"end":{"line":396,"column":49}},"126":{"start":{"line":397,"column":21},"end":{"line":397,"column":34}},"127":{"start":{"line":399,"column":4},"end":{"line":410,"column":5}},"128":{"start":{"line":400,"column":36},"end":{"line":400,"column":75}},"129":{"start":{"line":401,"column":6},"end":{"line":401,"column":33}},"130":{"start":{"line":403,"column":24},"end":{"line":403,"column":62}},"131":{"start":{"line":404,"column":6},"end":{"line":404,"column":31}},"132":{"start":{"line":406,"column":20},"end":{"line":406,"column":85}},"133":{"start":{"line":407,"column":6},"end":{"line":407,"column":80}},"134":{"start":{"line":407,"column":25},"end":{"line":407,"column":78}},"135":{"start":{"line":409,"column":6},"end":{"line":409,"column":27}},"136":{"start":{"line":413,"column":2},"end":{"line":415,"column":3}},"137":{"start":{"line":414,"column":4},"end":{"line":414,"column":72}},"138":{"start":{"line":417,"column":2},"end":{"line":419,"column":3}},"139":{"start":{"line":418,"column":4},"end":{"line":418,"column":43}},"140":{"start":{"line":421,"column":2},"end":{"line":421,"column":27}},"141":{"start":{"line":425,"column":19},"end":{"line":425,"column":43}},"142":{"start":{"line":426,"column":15},"end":{"line":426,"column":38}},"143":{"start":{"line":427,"column":31},"end":{"line":427,"column":33}},"144":{"start":{"line":428,"column":66},"end":{"line":428,"column":68}},"145":{"start":{"line":430,"column":2},"end":{"line":446,"column":3}},"146":{"start":{"line":431,"column":16},"end":{"line":431,"column":40}},"147":{"start":{"line":432,"column":21},"end":{"line":432,"column":34}},"148":{"start":{"line":434,"column":4},"end":{"line":445,"column":5}},"149":{"start":{"line":435,"column":36},"end":{"line":435,"column":74}},"150":{"start":{"line":436,"column":6},"end":{"line":436,"column":33}},"151":{"start":{"line":438,"column":23},"end":{"line":438,"column":59}},"152":{"start":{"line":439,"column":6},"end":{"line":439,"column":30}},"153":{"start":{"line":441,"column":20},"end":{"line":441,"column":83}},"154":{"start":{"line":442,"column":6},"end":{"line":442,"column":78}},"155":{"start":{"line":442,"column":25},"end":{"line":442,"column":76}},"156":{"start":{"line":444,"column":6},"end":{"line":444,"column":26}},"157":{"start":{"line":448,"column":2},"end":{"line":450,"column":3}},"158":{"start":{"line":449,"column":4},"end":{"line":449,"column":69}},"159":{"start":{"line":452,"column":2},"end":{"line":454,"column":3}},"160":{"start":{"line":453,"column":4},"end":{"line":453,"column":42}},"161":{"start":{"line":456,"column":2},"end":{"line":456,"column":27}},"162":{"start":{"line":464,"column":2},"end":{"line":464,"column":25}},"163":{"start":{"line":464,"column":15},"end":{"line":464,"column":25}},"164":{"start":{"line":465,"column":2},"end":{"line":465,"column":84}},"165":{"start":{"line":465,"column":61},"end":{"line":465,"column":72}},"166":{"start":{"line":469,"column":14},"end":{"line":469,"column":38}},"167":{"start":{"line":470,"column":21},"end":{"line":476,"column":3}},"168":{"start":{"line":478,"column":2},"end":{"line":478,"column":27}},"169":{"start":{"line":479,"column":2},"end":{"line":479,"column":14}},"170":{"start":{"line":483,"column":2},"end":{"line":483,"column":78}},"171":{"start":{"line":487,"column":2},"end":{"line":487,"column":28}},"172":{"start":{"line":488,"column":2},"end":{"line":488,"column":58}},"173":{"start":{"line":492,"column":15},"end":{"line":492,"column":41}},"174":{"start":{"line":493,"column":2},"end":{"line":498,"column":3}},"175":{"start":{"line":494,"column":4},"end":{"line":497,"column":7}},"176":{"start":{"line":506,"column":2},"end":{"line":506,"column":70}},"177":{"start":{"line":510,"column":16},"end":{"line":510,"column":79}},"178":{"start":{"line":511,"column":14},"end":{"line":511,"column":38}},"179":{"start":{"line":513,"column":31},"end":{"line":520,"column":3}},"180":{"start":{"line":522,"column":2},"end":{"line":522,"column":37}},"181":{"start":{"line":523,"column":2},"end":{"line":523,"column":19}},"182":{"start":{"line":527,"column":2},"end":{"line":527,"column":83}},"183":{"start":{"line":531,"column":2},"end":{"line":531,"column":33}},"184":{"start":{"line":535,"column":20},"end":{"line":535,"column":47}},"185":{"start":{"line":536,"column":2},"end":{"line":536,"column":30}},"186":{"start":{"line":536,"column":18},"end":{"line":536,"column":30}},"187":{"start":{"line":538,"column":14},"end":{"line":538,"column":38}},"188":{"start":{"line":539,"column":29},"end":{"line":544,"column":3}},"189":{"start":{"line":546,"column":2},"end":{"line":546,"column":42}},"190":{"start":{"line":547,"column":2},"end":{"line":547,"column":17}},"191":{"start":{"line":555,"column":2},"end":{"line":555,"column":32}},"192":{"start":{"line":555,"column":15},"end":{"line":555,"column":32}},"193":{"start":{"line":556,"column":2},"end":{"line":556,"column":64}},"194":{"start":{"line":560,"column":2},"end":{"line":560,"column":27}},"195":{"start":{"line":560,"column":20},"end":{"line":560,"column":27}},"196":{"start":{"line":561,"column":19},"end":{"line":561,"column":49}},"197":{"start":{"line":562,"column":14},"end":{"line":562,"column":38}},"198":{"start":{"line":564,"column":2},"end":{"line":604,"column":3}},"199":{"start":{"line":565,"column":4},"end":{"line":565,"column":75}},"200":{"start":{"line":567,"column":35},"end":{"line":602,"column":5}},"201":{"start":{"line":603,"column":4},"end":{"line":603,"column":40}},"202":{"start":{"line":612,"column":2},"end":{"line":612,"column":58}},"203":{"start":{"line":613,"column":2},"end":{"line":613,"column":63}},"204":{"start":{"line":615,"column":30},"end":{"line":649,"column":3}},"205":{"start":{"line":651,"column":2},"end":{"line":651,"column":38}},"206":{"start":{"line":653,"column":16},"end":{"line":653,"column":26}},"207":{"start":{"line":654,"column":41},"end":{"line":654,"column":43}},"208":{"start":{"line":656,"column":2},"end":{"line":672,"column":3}},"209":{"start":{"line":656,"column":15},"end":{"line":656,"column":16}},"210":{"start":{"line":657,"column":17},"end":{"line":657,"column":32}},"211":{"start":{"line":658,"column":4},"end":{"line":658,"column":37}},"212":{"start":{"line":659,"column":20},"end":{"line":659,"column":52}},"213":{"start":{"line":661,"column":4},"end":{"line":671,"column":7}},"214":{"start":{"line":662,"column":6},"end":{"line":670,"column":7}},"215":{"start":{"line":663,"column":8},"end":{"line":669,"column":11}},"216":{"start":{"line":674,"column":2},"end":{"line":674,"column":44}},"217":{"start":{"line":682,"column":2},"end":{"line":682,"column":25}},"218":{"start":{"line":682,"column":15},"end":{"line":682,"column":25}},"219":{"start":{"line":683,"column":2},"end":{"line":683,"column":117}},"220":{"start":{"line":683,"column":61},"end":{"line":683,"column":84}},"221":{"start":{"line":687,"column":14},"end":{"line":687,"column":38}},"222":{"start":{"line":688,"column":21},"end":{"line":706,"column":3}},"223":{"start":{"line":708,"column":2},"end":{"line":708,"column":27}},"224":{"start":{"line":709,"column":2},"end":{"line":709,"column":14}},"225":{"start":{"line":713,"column":2},"end":{"line":713,"column":79}},"226":{"start":{"line":717,"column":2},"end":{"line":717,"column":90}},"227":{"start":{"line":725,"column":19},"end":{"line":728,"column":12}},"228":{"start":{"line":730,"column":2},"end":{"line":732,"column":3}},"229":{"start":{"line":731,"column":4},"end":{"line":731,"column":20}},"230":{"start":{"line":734,"column":14},"end":{"line":734,"column":38}},"231":{"start":{"line":735,"column":29},"end":{"line":742,"column":3}},"232":{"start":{"line":744,"column":2},"end":{"line":744,"column":35}},"233":{"start":{"line":745,"column":2},"end":{"line":745,"column":14}},"234":{"start":{"line":749,"column":15},"end":{"line":752,"column":12}},"235":{"start":{"line":754,"column":2},"end":{"line":756,"column":3}},"236":{"start":{"line":755,"column":4},"end":{"line":755,"column":43}},"237":{"start":{"line":760,"column":16},"end":{"line":760,"column":81}},"238":{"start":{"line":761,"column":21},"end":{"line":761,"column":54}},"239":{"start":{"line":761,"column":39},"end":{"line":761,"column":53}},"240":{"start":{"line":763,"column":19},"end":{"line":763,"column":76}},"241":{"start":{"line":764,"column":2},"end":{"line":764,"column":18}},"242":{"start":{"line":768,"column":16},"end":{"line":768,"column":81}},"243":{"start":{"line":769,"column":21},"end":{"line":769,"column":68}},"244":{"start":{"line":769,"column":51},"end":{"line":769,"column":65}},"245":{"start":{"line":770,"column":19},"end":{"line":770,"column":76}},"246":{"start":{"line":772,"column":21},"end":{"line":772,"column":58}},"247":{"start":{"line":772,"column":47},"end":{"line":772,"column":56}},"248":{"start":{"line":774,"column":17},"end":{"line":774,"column":46}},"249":{"start":{"line":775,"column":2},"end":{"line":781,"column":3}},"250":{"start":{"line":776,"column":20},"end":{"line":776,"column":50}},"251":{"start":{"line":777,"column":4},"end":{"line":780,"column":5}},"252":{"start":{"line":778,"column":23},"end":{"line":778,"column":53}},"253":{"start":{"line":779,"column":6},"end":{"line":779,"column":55}},"254":{"start":{"line":783,"column":2},"end":{"line":783,"column":16}},"255":{"start":{"line":787,"column":16},"end":{"line":790,"column":25}},"256":{"start":{"line":792,"column":19},"end":{"line":792,"column":50}},"257":{"start":{"line":792,"column":37},"end":{"line":792,"column":49}},"258":{"start":{"line":793,"column":17},"end":{"line":793,"column":70}},"259":{"start":{"line":795,"column":19},"end":{"line":795,"column":54}},"260":{"start":{"line":795,"column":43},"end":{"line":795,"column":52}},"261":{"start":{"line":796,"column":2},"end":{"line":796,"column":82}},"262":{"start":{"line":796,"column":27},"end":{"line":796,"column":53}},"263":{"start":{"line":800,"column":15},"end":{"line":803,"column":12}},"264":{"start":{"line":805,"column":2},"end":{"line":810,"column":3}},"265":{"start":{"line":806,"column":4},"end":{"line":809,"column":7}},"266":{"start":{"line":814,"column":16},"end":{"line":814,"column":85}},"267":{"start":{"line":815,"column":18},"end":{"line":815,"column":44}},"268":{"start":{"line":815,"column":36},"end":{"line":815,"column":43}},"269":{"start":{"line":816,"column":2},"end":{"line":816,"column":45}},"270":{"start":{"line":829,"column":35},"end":{"line":829,"column":112}},"271":{"start":{"line":830,"column":14},"end":{"line":830,"column":38}},"272":{"start":{"line":832,"column":2},"end":{"line":832,"column":25}},"273":{"start":{"line":833,"column":2},"end":{"line":833,"column":29}},"274":{"start":{"line":834,"column":2},"end":{"line":836,"column":3}},"275":{"start":{"line":835,"column":4},"end":{"line":835,"column":32}},"276":{"start":{"line":838,"column":2},"end":{"line":842,"column":3}},"277":{"start":{"line":839,"column":4},"end":{"line":839,"column":59}},"278":{"start":{"line":841,"column":4},"end":{"line":841,"column":41}},"279":{"start":{"line":843,"column":2},"end":{"line":843,"column":20}},"280":{"start":{"line":852,"column":16},"end":{"line":852,"column":44}},"281":{"start":{"line":853,"column":22},"end":{"line":853,"column":45}},"282":{"start":{"line":854,"column":20},"end":{"line":854,"column":40}},"283":{"start":{"line":856,"column":35},"end":{"line":856,"column":107}},"284":{"start":{"line":857,"column":14},"end":{"line":857,"column":38}},"285":{"start":{"line":859,"column":2},"end":{"line":859,"column":27}},"286":{"start":{"line":860,"column":2},"end":{"line":860,"column":35}},"287":{"start":{"line":861,"column":2},"end":{"line":861,"column":29}},"288":{"start":{"line":863,"column":2},"end":{"line":867,"column":3}},"289":{"start":{"line":864,"column":4},"end":{"line":864,"column":59}},"290":{"start":{"line":866,"column":4},"end":{"line":866,"column":41}},"291":{"start":{"line":868,"column":2},"end":{"line":868,"column":20}},"292":{"start":{"line":880,"column":2},"end":{"line":880,"column":25}},"293":{"start":{"line":880,"column":15},"end":{"line":880,"column":25}},"294":{"start":{"line":881,"column":2},"end":{"line":885,"column":15}},"295":{"start":{"line":884,"column":19},"end":{"line":884,"column":40}},"296":{"start":{"line":893,"column":19},"end":{"line":896,"column":12}},"297":{"start":{"line":898,"column":14},"end":{"line":898,"column":38}},"298":{"start":{"line":900,"column":2},"end":{"line":919,"column":3}},"299":{"start":{"line":901,"column":29},"end":{"line":905,"column":5}},"300":{"start":{"line":906,"column":4},"end":{"line":906,"column":51}},"301":{"start":{"line":907,"column":4},"end":{"line":907,"column":19}},"302":{"start":{"line":909,"column":28},"end":{"line":916,"column":5}},"303":{"start":{"line":917,"column":4},"end":{"line":917,"column":34}},"304":{"start":{"line":918,"column":4},"end":{"line":918,"column":18}}},"fnMap":{"0":{"name":"(anonymous_0)","decl":{"start":{"line":38,"column":11},"end":{"line":38,"column":12}},"loc":{"start":{"line":38,"column":23},"end":{"line":53,"column":1}},"line":38},"1":{"name":"(anonymous_1)","decl":{"start":{"line":41,"column":12},"end":{"line":41,"column":13}},"loc":{"start":{"line":41,"column":24},"end":{"line":41,"column":35}},"line":41},"2":{"name":"(anonymous_2)","decl":{"start":{"line":42,"column":9},"end":{"line":42,"column":10}},"loc":{"start":{"line":42,"column":22},"end":{"line":48,"column":5}},"line":42},"3":{"name":"(anonymous_3)","decl":{"start":{"line":65,"column":11},"end":{"line":65,"column":12}},"loc":{"start":{"line":65,"column":23},"end":{"line":127,"column":1}},"line":65},"4":{"name":"(anonymous_4)","decl":{"start":{"line":140,"column":11},"end":{"line":140,"column":12}},"loc":{"start":{"line":140,"column":23},"end":{"line":150,"column":1}},"line":140},"5":{"name":"getOrCreateCompletion","decl":{"start":{"line":170,"column":15},"end":{"line":170,"column":36}},"loc":{"start":{"line":175,"column":63},"end":{"line":197,"column":1}},"line":175},"6":{"name":"resolveDuplicateEntity","decl":{"start":{"line":199,"column":9},"end":{"line":199,"column":31}},"loc":{"start":{"line":202,"column":41},"end":{"line":207,"column":1}},"line":202},"7":{"name":"getHabits","decl":{"start":{"line":213,"column":22},"end":{"line":213,"column":31}},"loc":{"start":{"line":213,"column":66},"end":{"line":216,"column":1}},"line":213},"8":{"name":"(anonymous_8)","decl":{"start":{"line":215,"column":57},"end":{"line":215,"column":58}},"loc":{"start":{"line":215,"column":62},"end":{"line":215,"column":73}},"line":215},"9":{"name":"getArchivedHabits","decl":{"start":{"line":218,"column":22},"end":{"line":218,"column":39}},"loc":{"start":{"line":218,"column":74},"end":{"line":221,"column":1}},"line":218},"10":{"name":"(anonymous_10)","decl":{"start":{"line":220,"column":57},"end":{"line":220,"column":58}},"loc":{"start":{"line":220,"column":62},"end":{"line":220,"column":74}},"line":220},"11":{"name":"createHabit","decl":{"start":{"line":223,"column":22},"end":{"line":223,"column":33}},"loc":{"start":{"line":223,"column":92},"end":{"line":244,"column":1}},"line":223},"12":{"name":"updateHabit","decl":{"start":{"line":246,"column":22},"end":{"line":246,"column":33}},"loc":{"start":{"line":246,"column":84},"end":{"line":248,"column":1}},"line":246},"13":{"name":"deleteHabit","decl":{"start":{"line":250,"column":22},"end":{"line":250,"column":33}},"loc":{"start":{"line":250,"column":62},"end":{"line":257,"column":1}},"line":250},"14":{"name":"reorderHabits","decl":{"start":{"line":259,"column":22},"end":{"line":259,"column":35}},"loc":{"start":{"line":259,"column":74},"end":{"line":265,"column":1}},"line":259},"15":{"name":"(anonymous_15)","decl":{"start":{"line":260,"column":40},"end":{"line":260,"column":41}},"loc":{"start":{"line":260,"column":52},"end":{"line":264,"column":3}},"line":260},"16":{"name":"toggleCompletion","decl":{"start":{"line":271,"column":22},"end":{"line":271,"column":38}},"loc":{"start":{"line":271,"column":114},"end":{"line":283,"column":1}},"line":271},"17":{"name":"freezeCompletion","decl":{"start":{"line":285,"column":22},"end":{"line":285,"column":38}},"loc":{"start":{"line":285,"column":114},"end":{"line":299,"column":1}},"line":285},"18":{"name":"unfreezeCompletion","decl":{"start":{"line":301,"column":22},"end":{"line":301,"column":40}},"loc":{"start":{"line":301,"column":116},"end":{"line":313,"column":1}},"line":301},"19":{"name":"batchCompleteHabits","decl":{"start":{"line":315,"column":22},"end":{"line":315,"column":41}},"loc":{"start":{"line":315,"column":122},"end":{"line":358,"column":1}},"line":315},"20":{"name":"(anonymous_20)","decl":{"start":{"line":318,"column":45},"end":{"line":318,"column":46}},"loc":{"start":{"line":318,"column":57},"end":{"line":355,"column":3}},"line":318},"21":{"name":"getAllCompletionsInRange","decl":{"start":{"line":360,"column":22},"end":{"line":360,"column":46}},"loc":{"start":{"line":360,"column":129},"end":{"line":366,"column":1}},"line":360},"22":{"name":"(anonymous_22)","decl":{"start":{"line":364,"column":12},"end":{"line":364,"column":13}},"loc":{"start":{"line":364,"column":17},"end":{"line":364,"column":36}},"line":364},"23":{"name":"cleanupDuplicateCompletions","decl":{"start":{"line":368,"column":22},"end":{"line":368,"column":49}},"loc":{"start":{"line":368,"column":69},"end":{"line":387,"column":1}},"line":368},"24":{"name":"cleanupDuplicateHabits","decl":{"start":{"line":389,"column":22},"end":{"line":389,"column":44}},"loc":{"start":{"line":389,"column":64},"end":{"line":422,"column":1}},"line":389},"25":{"name":"(anonymous_25)","decl":{"start":{"line":407,"column":20},"end":{"line":407,"column":21}},"loc":{"start":{"line":407,"column":25},"end":{"line":407,"column":78}},"line":407},"26":{"name":"cleanupDuplicateGoals","decl":{"start":{"line":424,"column":22},"end":{"line":424,"column":43}},"loc":{"start":{"line":424,"column":63},"end":{"line":457,"column":1}},"line":424},"27":{"name":"(anonymous_27)","decl":{"start":{"line":442,"column":20},"end":{"line":442,"column":21}},"loc":{"start":{"line":442,"column":25},"end":{"line":442,"column":76}},"line":442},"28":{"name":"getGoals","decl":{"start":{"line":463,"column":22},"end":{"line":463,"column":30}},"loc":{"start":{"line":463,"column":64},"end":{"line":466,"column":1}},"line":463},"29":{"name":"(anonymous_29)","decl":{"start":{"line":465,"column":56},"end":{"line":465,"column":57}},"loc":{"start":{"line":465,"column":61},"end":{"line":465,"column":72}},"line":465},"30":{"name":"createGoal","decl":{"start":{"line":468,"column":22},"end":{"line":468,"column":32}},"loc":{"start":{"line":468,"column":121},"end":{"line":480,"column":1}},"line":468},"31":{"name":"updateGoal","decl":{"start":{"line":482,"column":22},"end":{"line":482,"column":32}},"loc":{"start":{"line":482,"column":81},"end":{"line":484,"column":1}},"line":482},"32":{"name":"deleteGoal","decl":{"start":{"line":486,"column":22},"end":{"line":486,"column":32}},"loc":{"start":{"line":486,"column":60},"end":{"line":489,"column":1}},"line":486},"33":{"name":"setFocusGoal","decl":{"start":{"line":491,"column":22},"end":{"line":491,"column":34}},"loc":{"start":{"line":491,"column":66},"end":{"line":499,"column":1}},"line":491},"34":{"name":"getMilestones","decl":{"start":{"line":505,"column":22},"end":{"line":505,"column":35}},"loc":{"start":{"line":505,"column":74},"end":{"line":507,"column":1}},"line":505},"35":{"name":"createMilestone","decl":{"start":{"line":509,"column":22},"end":{"line":509,"column":37}},"loc":{"start":{"line":509,"column":111},"end":{"line":524,"column":1}},"line":509},"36":{"name":"updateMilestone","decl":{"start":{"line":526,"column":22},"end":{"line":526,"column":37}},"loc":{"start":{"line":526,"column":96},"end":{"line":528,"column":1}},"line":526},"37":{"name":"deleteMilestone","decl":{"start":{"line":530,"column":22},"end":{"line":530,"column":37}},"loc":{"start":{"line":530,"column":70},"end":{"line":532,"column":1}},"line":530},"38":{"name":"toggleMilestone","decl":{"start":{"line":534,"column":22},"end":{"line":534,"column":37}},"loc":{"start":{"line":534,"column":82},"end":{"line":548,"column":1}},"line":534},"39":{"name":"getSettings","decl":{"start":{"line":554,"column":22},"end":{"line":554,"column":33}},"loc":{"start":{"line":554,"column":85},"end":{"line":557,"column":1}},"line":554},"40":{"name":"updateSettings","decl":{"start":{"line":559,"column":22},"end":{"line":559,"column":36}},"loc":{"start":{"line":559,"column":102},"end":{"line":605,"column":1}},"line":559},"41":{"name":"seedDemoData","decl":{"start":{"line":611,"column":22},"end":{"line":611,"column":34}},"loc":{"start":{"line":611,"column":66},"end":{"line":675,"column":1}},"line":611},"42":{"name":"(anonymous_42)","decl":{"start":{"line":661,"column":23},"end":{"line":661,"column":24}},"loc":{"start":{"line":661,"column":41},"end":{"line":671,"column":5}},"line":661},"43":{"name":"getTasks","decl":{"start":{"line":681,"column":22},"end":{"line":681,"column":30}},"loc":{"start":{"line":681,"column":64},"end":{"line":684,"column":1}},"line":681},"44":{"name":"(anonymous_44)","decl":{"start":{"line":683,"column":56},"end":{"line":683,"column":57}},"loc":{"start":{"line":683,"column":61},"end":{"line":683,"column":84}},"line":683},"45":{"name":"createTask","decl":{"start":{"line":686,"column":22},"end":{"line":686,"column":32}},"loc":{"start":{"line":686,"column":89},"end":{"line":710,"column":1}},"line":686},"46":{"name":"updateTask","decl":{"start":{"line":712,"column":22},"end":{"line":712,"column":32}},"loc":{"start":{"line":712,"column":81},"end":{"line":714,"column":1}},"line":712},"47":{"name":"deleteTask","decl":{"start":{"line":716,"column":22},"end":{"line":716,"column":32}},"loc":{"start":{"line":716,"column":60},"end":{"line":718,"column":1}},"line":716},"48":{"name":"linkHabitToRoutine","decl":{"start":{"line":724,"column":22},"end":{"line":724,"column":40}},"loc":{"start":{"line":724,"column":128},"end":{"line":746,"column":1}},"line":724},"49":{"name":"unlinkHabitFromRoutine","decl":{"start":{"line":748,"column":22},"end":{"line":748,"column":44}},"loc":{"start":{"line":748,"column":100},"end":{"line":757,"column":1}},"line":748},"50":{"name":"getRoutinesForHabit","decl":{"start":{"line":759,"column":22},"end":{"line":759,"column":41}},"loc":{"start":{"line":759,"column":80},"end":{"line":765,"column":1}},"line":759},"51":{"name":"(anonymous_51)","decl":{"start":{"line":761,"column":31},"end":{"line":761,"column":32}},"loc":{"start":{"line":761,"column":39},"end":{"line":761,"column":53}},"line":761},"52":{"name":"getRoutinesForHabits","decl":{"start":{"line":767,"column":22},"end":{"line":767,"column":42}},"loc":{"start":{"line":767,"column":98},"end":{"line":784,"column":1}},"line":767},"53":{"name":"(anonymous_53)","decl":{"start":{"line":769,"column":43},"end":{"line":769,"column":44}},"loc":{"start":{"line":769,"column":51},"end":{"line":769,"column":65}},"line":769},"54":{"name":"(anonymous_54)","decl":{"start":{"line":772,"column":42},"end":{"line":772,"column":43}},"loc":{"start":{"line":772,"column":47},"end":{"line":772,"column":56}},"line":772},"55":{"name":"getHabitsForRoutine","decl":{"start":{"line":786,"column":22},"end":{"line":786,"column":41}},"loc":{"start":{"line":786,"column":82},"end":{"line":797,"column":1}},"line":786},"56":{"name":"(anonymous_56)","decl":{"start":{"line":792,"column":29},"end":{"line":792,"column":30}},"loc":{"start":{"line":792,"column":37},"end":{"line":792,"column":49}},"line":792},"57":{"name":"(anonymous_57)","decl":{"start":{"line":795,"column":38},"end":{"line":795,"column":39}},"loc":{"start":{"line":795,"column":43},"end":{"line":795,"column":52}},"line":795},"58":{"name":"(anonymous_58)","decl":{"start":{"line":796,"column":19},"end":{"line":796,"column":20}},"loc":{"start":{"line":796,"column":27},"end":{"line":796,"column":53}},"line":796},"59":{"name":"updateHabitRoutineOrder","decl":{"start":{"line":799,"column":22},"end":{"line":799,"column":45}},"loc":{"start":{"line":799,"column":124},"end":{"line":811,"column":1}},"line":799},"60":{"name":"unlinkAllHabitsFromRoutine","decl":{"start":{"line":813,"column":22},"end":{"line":813,"column":48}},"loc":{"start":{"line":813,"column":86},"end":{"line":817,"column":1}},"line":813},"61":{"name":"(anonymous_61)","decl":{"start":{"line":815,"column":28},"end":{"line":815,"column":29}},"loc":{"start":{"line":815,"column":36},"end":{"line":815,"column":43}},"line":815},"62":{"name":"updateCompletionNote","decl":{"start":{"line":823,"column":22},"end":{"line":823,"column":42}},"loc":{"start":{"line":828,"column":28},"end":{"line":844,"column":1}},"line":828},"63":{"name":"updateCompletionValue","decl":{"start":{"line":846,"column":22},"end":{"line":846,"column":43}},"loc":{"start":{"line":851,"column":28},"end":{"line":869,"column":1}},"line":851},"64":{"name":"getMoodLogs","decl":{"start":{"line":875,"column":22},"end":{"line":875,"column":33}},"loc":{"start":{"line":879,"column":22},"end":{"line":886,"column":1}},"line":879},"65":{"name":"(anonymous_65)","decl":{"start":{"line":884,"column":12},"end":{"line":884,"column":13}},"loc":{"start":{"line":884,"column":19},"end":{"line":884,"column":40}},"line":884},"66":{"name":"setMoodLog","decl":{"start":{"line":888,"column":22},"end":{"line":888,"column":32}},"loc":{"start":{"line":892,"column":20},"end":{"line":920,"column":1}},"line":892}},"branchMap":{"0":{"loc":{"start":{"line":50,"column":2},"end":{"line":52,"column":3}},"type":"if","locations":[{"start":{"line":50,"column":2},"end":{"line":52,"column":3}},{"start":{},"end":{}}],"line":50},"1":{"loc":{"start":{"line":71,"column":4},"end":{"line":75,"column":5}},"type":"if","locations":[{"start":{"line":71,"column":4},"end":{"line":75,"column":5}},{"start":{},"end":{}}],"line":71},"2":{"loc":{"start":{"line":73,"column":19},"end":{"line":73,"column":37}},"type":"binary-expr","locations":[{"start":{"line":73,"column":19},"end":{"line":73,"column":30}},{"start":{"line":73,"column":34},"end":{"line":73,"column":37}}],"line":73},"3":{"loc":{"start":{"line":81,"column":4},"end":{"line":85,"column":5}},"type":"if","locations":[{"start":{"line":81,"column":4},"end":{"line":85,"column":5}},{"start":{},"end":{}}],"line":81},"4":{"loc":{"start":{"line":83,"column":19},"end":{"line":83,"column":37}},"type":"binary-expr","locations":[{"start":{"line":83,"column":19},"end":{"line":83,"column":30}},{"start":{"line":83,"column":34},"end":{"line":83,"column":37}}],"line":83},"5":{"loc":{"start":{"line":91,"column":4},"end":{"line":95,"column":5}},"type":"if","locations":[{"start":{"line":91,"column":4},"end":{"line":95,"column":5}},{"start":{},"end":{}}],"line":91},"6":{"loc":{"start":{"line":93,"column":19},"end":{"line":93,"column":37}},"type":"binary-expr","locations":[{"start":{"line":93,"column":19},"end":{"line":93,"column":30}},{"start":{"line":93,"column":34},"end":{"line":93,"column":37}}],"line":93},"7":{"loc":{"start":{"line":101,"column":4},"end":{"line":105,"column":5}},"type":"if","locations":[{"start":{"line":101,"column":4},"end":{"line":105,"column":5}},{"start":{},"end":{}}],"line":101},"8":{"loc":{"start":{"line":103,"column":19},"end":{"line":103,"column":37}},"type":"binary-expr","locations":[{"start":{"line":103,"column":19},"end":{"line":103,"column":30}},{"start":{"line":103,"column":34},"end":{"line":103,"column":37}}],"line":103},"9":{"loc":{"start":{"line":111,"column":4},"end":{"line":115,"column":5}},"type":"if","locations":[{"start":{"line":111,"column":4},"end":{"line":115,"column":5}},{"start":{},"end":{}}],"line":111},"10":{"loc":{"start":{"line":113,"column":19},"end":{"line":113,"column":37}},"type":"binary-expr","locations":[{"start":{"line":113,"column":19},"end":{"line":113,"column":30}},{"start":{"line":113,"column":34},"end":{"line":113,"column":37}}],"line":113},"11":{"loc":{"start":{"line":121,"column":4},"end":{"line":125,"column":5}},"type":"if","locations":[{"start":{"line":121,"column":4},"end":{"line":125,"column":5}},{"start":{},"end":{}}],"line":121},"12":{"loc":{"start":{"line":123,"column":19},"end":{"line":123,"column":38}},"type":"binary-expr","locations":[{"start":{"line":123,"column":19},"end":{"line":123,"column":31}},{"start":{"line":123,"column":35},"end":{"line":123,"column":38}}],"line":123},"13":{"loc":{"start":{"line":143,"column":4},"end":{"line":148,"column":5}},"type":"if","locations":[{"start":{"line":143,"column":4},"end":{"line":148,"column":5}},{"start":{},"end":{}}],"line":143},"14":{"loc":{"start":{"line":174,"column":2},"end":{"line":174,"column":41}},"type":"default-arg","locations":[{"start":{"line":174,"column":39},"end":{"line":174,"column":41}}],"line":174},"15":{"loc":{"start":{"line":181,"column":2},"end":{"line":183,"column":3}},"type":"if","locations":[{"start":{"line":181,"column":2},"end":{"line":183,"column":3}},{"start":{},"end":{}}],"line":181},"16":{"loc":{"start":{"line":204,"column":9},"end":{"line":206,"column":52}},"type":"cond-expr","locations":[{"start":{"line":205,"column":6},"end":{"line":205,"column":52}},{"start":{"line":206,"column":6},"end":{"line":206,"column":52}}],"line":204},"17":{"loc":{"start":{"line":214,"column":2},"end":{"line":214,"column":25}},"type":"if","locations":[{"start":{"line":214,"column":2},"end":{"line":214,"column":25}},{"start":{},"end":{}}],"line":214},"18":{"loc":{"start":{"line":219,"column":2},"end":{"line":219,"column":25}},"type":"if","locations":[{"start":{"line":219,"column":2},"end":{"line":219,"column":25}},{"start":{},"end":{}}],"line":219},"19":{"loc":{"start":{"line":229,"column":10},"end":{"line":229,"column":26}},"type":"binary-expr","locations":[{"start":{"line":229,"column":10},"end":{"line":229,"column":19}},{"start":{"line":229,"column":23},"end":{"line":229,"column":26}}],"line":229},"20":{"loc":{"start":{"line":236,"column":20},"end":{"line":236,"column":48}},"type":"binary-expr","locations":[{"start":{"line":236,"column":20},"end":{"line":236,"column":39}},{"start":{"line":236,"column":43},"end":{"line":236,"column":48}}],"line":236},"21":{"loc":{"start":{"line":237,"column":17},"end":{"line":237,"column":38}},"type":"binary-expr","locations":[{"start":{"line":237,"column":17},"end":{"line":237,"column":33}},{"start":{"line":237,"column":37},"end":{"line":237,"column":38}}],"line":237},"22":{"loc":{"start":{"line":238,"column":10},"end":{"line":238,"column":25}},"type":"binary-expr","locations":[{"start":{"line":238,"column":10},"end":{"line":238,"column":19}},{"start":{"line":238,"column":23},"end":{"line":238,"column":25}}],"line":238},"23":{"loc":{"start":{"line":239,"column":16},"end":{"line":239,"column":43}},"type":"binary-expr","locations":[{"start":{"line":239,"column":16},"end":{"line":239,"column":31}},{"start":{"line":239,"column":35},"end":{"line":239,"column":43}}],"line":239},"24":{"loc":{"start":{"line":275,"column":2},"end":{"line":281,"column":3}},"type":"if","locations":[{"start":{"line":275,"column":2},"end":{"line":281,"column":3}},{"start":{"line":279,"column":9},"end":{"line":281,"column":3}}],"line":275},"25":{"loc":{"start":{"line":293,"column":2},"end":{"line":297,"column":3}},"type":"if","locations":[{"start":{"line":293,"column":2},"end":{"line":297,"column":3}},{"start":{"line":295,"column":9},"end":{"line":297,"column":3}}],"line":293},"26":{"loc":{"start":{"line":309,"column":2},"end":{"line":311,"column":3}},"type":"if","locations":[{"start":{"line":309,"column":2},"end":{"line":311,"column":3}},{"start":{},"end":{}}],"line":309},"27":{"loc":{"start":{"line":327,"column":6},"end":{"line":353,"column":7}},"type":"if","locations":[{"start":{"line":327,"column":6},"end":{"line":353,"column":7}},{"start":{"line":340,"column":13},"end":{"line":353,"column":7}}],"line":327},"28":{"loc":{"start":{"line":328,"column":8},"end":{"line":339,"column":9}},"type":"if","locations":[{"start":{"line":328,"column":8},"end":{"line":339,"column":9}},{"start":{"line":337,"column":15},"end":{"line":339,"column":9}}],"line":328},"29":{"loc":{"start":{"line":328,"column":12},"end":{"line":328,"column":66}},"type":"binary-expr","locations":[{"start":{"line":328,"column":12},"end":{"line":328,"column":31}},{"start":{"line":328,"column":35},"end":{"line":328,"column":66}}],"line":328},"30":{"loc":{"start":{"line":375,"column":4},"end":{"line":379,"column":5}},"type":"if","locations":[{"start":{"line":375,"column":4},"end":{"line":379,"column":5}},{"start":{"line":377,"column":11},"end":{"line":379,"column":5}}],"line":375},"31":{"loc":{"start":{"line":382,"column":2},"end":{"line":384,"column":3}},"type":"if","locations":[{"start":{"line":382,"column":2},"end":{"line":384,"column":3}},{"start":{},"end":{}}],"line":382},"32":{"loc":{"start":{"line":399,"column":4},"end":{"line":410,"column":5}},"type":"if","locations":[{"start":{"line":399,"column":4},"end":{"line":410,"column":5}},{"start":{"line":408,"column":11},"end":{"line":410,"column":5}}],"line":399},"33":{"loc":{"start":{"line":403,"column":24},"end":{"line":403,"column":62}},"type":"cond-expr","locations":[{"start":{"line":403,"column":46},"end":{"line":403,"column":51}},{"start":{"line":403,"column":54},"end":{"line":403,"column":62}}],"line":403},"34":{"loc":{"start":{"line":417,"column":2},"end":{"line":419,"column":3}},"type":"if","locations":[{"start":{"line":417,"column":2},"end":{"line":419,"column":3}},{"start":{},"end":{}}],"line":417},"35":{"loc":{"start":{"line":434,"column":4},"end":{"line":445,"column":5}},"type":"if","locations":[{"start":{"line":434,"column":4},"end":{"line":445,"column":5}},{"start":{"line":443,"column":11},"end":{"line":445,"column":5}}],"line":434},"36":{"loc":{"start":{"line":438,"column":23},"end":{"line":438,"column":59}},"type":"cond-expr","locations":[{"start":{"line":438,"column":44},"end":{"line":438,"column":48}},{"start":{"line":438,"column":51},"end":{"line":438,"column":59}}],"line":438},"37":{"loc":{"start":{"line":452,"column":2},"end":{"line":454,"column":3}},"type":"if","locations":[{"start":{"line":452,"column":2},"end":{"line":454,"column":3}},{"start":{},"end":{}}],"line":452},"38":{"loc":{"start":{"line":464,"column":2},"end":{"line":464,"column":25}},"type":"if","locations":[{"start":{"line":464,"column":2},"end":{"line":464,"column":25}},{"start":{},"end":{}}],"line":464},"39":{"loc":{"start":{"line":493,"column":2},"end":{"line":498,"column":3}},"type":"if","locations":[{"start":{"line":493,"column":2},"end":{"line":498,"column":3}},{"start":{},"end":{}}],"line":493},"40":{"loc":{"start":{"line":536,"column":2},"end":{"line":536,"column":30}},"type":"if","locations":[{"start":{"line":536,"column":2},"end":{"line":536,"column":30}},{"start":{},"end":{}}],"line":536},"41":{"loc":{"start":{"line":542,"column":17},"end":{"line":542,"column":55}},"type":"cond-expr","locations":[{"start":{"line":542,"column":40},"end":{"line":542,"column":43}},{"start":{"line":542,"column":46},"end":{"line":542,"column":55}}],"line":542},"42":{"loc":{"start":{"line":555,"column":2},"end":{"line":555,"column":32}},"type":"if","locations":[{"start":{"line":555,"column":2},"end":{"line":555,"column":32}},{"start":{},"end":{}}],"line":555},"43":{"loc":{"start":{"line":560,"column":2},"end":{"line":560,"column":27}},"type":"if","locations":[{"start":{"line":560,"column":2},"end":{"line":560,"column":27}},{"start":{},"end":{}}],"line":560},"44":{"loc":{"start":{"line":564,"column":2},"end":{"line":604,"column":3}},"type":"if","locations":[{"start":{"line":564,"column":2},"end":{"line":604,"column":3}},{"start":{"line":566,"column":9},"end":{"line":604,"column":3}}],"line":564},"45":{"loc":{"start":{"line":570,"column":13},"end":{"line":570,"column":35}},"type":"binary-expr","locations":[{"start":{"line":570,"column":13},"end":{"line":570,"column":23}},{"start":{"line":570,"column":27},"end":{"line":570,"column":35}}],"line":570},"46":{"loc":{"start":{"line":572,"column":20},"end":{"line":572,"column":42}},"type":"binary-expr","locations":[{"start":{"line":572,"column":20},"end":{"line":572,"column":37}},{"start":{"line":572,"column":41},"end":{"line":572,"column":42}}],"line":572},"47":{"loc":{"start":{"line":573,"column":30},"end":{"line":573,"column":65}},"type":"binary-expr","locations":[{"start":{"line":573,"column":30},"end":{"line":573,"column":57}},{"start":{"line":573,"column":61},"end":{"line":573,"column":65}}],"line":573},"48":{"loc":{"start":{"line":574,"column":23},"end":{"line":574,"column":55}},"type":"binary-expr","locations":[{"start":{"line":574,"column":23},"end":{"line":574,"column":43}},{"start":{"line":574,"column":47},"end":{"line":574,"column":55}}],"line":574},"49":{"loc":{"start":{"line":582,"column":20},"end":{"line":582,"column":45}},"type":"binary-expr","locations":[{"start":{"line":582,"column":20},"end":{"line":582,"column":37}},{"start":{"line":582,"column":41},"end":{"line":582,"column":45}}],"line":582},"50":{"loc":{"start":{"line":583,"column":22},"end":{"line":583,"column":49}},"type":"binary-expr","locations":[{"start":{"line":583,"column":22},"end":{"line":583,"column":41}},{"start":{"line":583,"column":45},"end":{"line":583,"column":49}}],"line":583},"51":{"loc":{"start":{"line":584,"column":13},"end":{"line":591,"column":7}},"type":"binary-expr","locations":[{"start":{"line":584,"column":13},"end":{"line":584,"column":23}},{"start":{"line":584,"column":27},"end":{"line":591,"column":7}}],"line":584},"52":{"loc":{"start":{"line":592,"column":22},"end":{"line":592,"column":47}},"type":"binary-expr","locations":[{"start":{"line":592,"column":22},"end":{"line":592,"column":41}},{"start":{"line":592,"column":45},"end":{"line":592,"column":47}}],"line":592},"53":{"loc":{"start":{"line":593,"column":23},"end":{"line":601,"column":7}},"type":"binary-expr","locations":[{"start":{"line":593,"column":23},"end":{"line":593,"column":43}},{"start":{"line":593,"column":47},"end":{"line":601,"column":7}}],"line":593},"54":{"loc":{"start":{"line":662,"column":6},"end":{"line":670,"column":7}},"type":"if","locations":[{"start":{"line":662,"column":6},"end":{"line":670,"column":7}},{"start":{},"end":{}}],"line":662},"55":{"loc":{"start":{"line":682,"column":2},"end":{"line":682,"column":25}},"type":"if","locations":[{"start":{"line":682,"column":2},"end":{"line":682,"column":25}},{"start":{},"end":{}}],"line":682},"56":{"loc":{"start":{"line":692,"column":17},"end":{"line":692,"column":41}},"type":"binary-expr","locations":[{"start":{"line":692,"column":17},"end":{"line":692,"column":33}},{"start":{"line":692,"column":37},"end":{"line":692,"column":41}}],"line":692},"57":{"loc":{"start":{"line":695,"column":14},"end":{"line":695,"column":35}},"type":"binary-expr","locations":[{"start":{"line":695,"column":14},"end":{"line":695,"column":27}},{"start":{"line":695,"column":31},"end":{"line":695,"column":35}}],"line":695},"58":{"loc":{"start":{"line":696,"column":13},"end":{"line":696,"column":33}},"type":"binary-expr","locations":[{"start":{"line":696,"column":13},"end":{"line":696,"column":25}},{"start":{"line":696,"column":29},"end":{"line":696,"column":33}}],"line":696},"59":{"loc":{"start":{"line":697,"column":10},"end":{"line":697,"column":25}},"type":"binary-expr","locations":[{"start":{"line":697,"column":10},"end":{"line":697,"column":19}},{"start":{"line":697,"column":23},"end":{"line":697,"column":25}}],"line":697},"60":{"loc":{"start":{"line":701,"column":20},"end":{"line":701,"column":45}},"type":"binary-expr","locations":[{"start":{"line":701,"column":20},"end":{"line":701,"column":39}},{"start":{"line":701,"column":43},"end":{"line":701,"column":45}}],"line":701},"61":{"loc":{"start":{"line":702,"column":19},"end":{"line":702,"column":42}},"type":"binary-expr","locations":[{"start":{"line":702,"column":19},"end":{"line":702,"column":37}},{"start":{"line":702,"column":41},"end":{"line":702,"column":42}}],"line":702},"62":{"loc":{"start":{"
[...]
0,"23":0,"24":0},"f":{"0":0,"1":0,"2":0,"3":0},"b":{"0":[0,0],"1":[0,0,0,0],"2":[0,0],"3":[0,0],"4":[0,0],"5":[0,0],"6":[0,0],"7":[0,0]},"_coverageSchema":"1a1c01bbd47fc00a2c39e90264f33305004495a9","hash":"928cc41fedb15a3a7225cac7e53af6e2ed039738"},"/home/abhi/Downloads/fedora/habit-tracker/src/components/ui/ShortcutsModal.tsx":{"path":"/home/abhi/Downloads/fedora/habit-tracker/src/components/ui/ShortcutsModal.tsx","statementMap":{"0":{"start":{"line":9,"column":30},"end":{"line":9,"column":45}},"1":{"start":{"line":11,"column":2},"end":{"line":44,"column":9}},"2":{"start":{"line":12,"column":26},"end":{"line":31,"column":5}},"3":{"start":{"line":14,"column":21},"end":{"line":14,"column":43}},"4":{"start":{"line":15,"column":6},"end":{"line":22,"column":7}},"5":{"start":{"line":21,"column":8},"end":{"line":21,"column":15}},"6":{"start":{"line":24,"column":6},"end":{"line":24,"column":109}},"7":{"start":{"line":25,"column":6},"end":{"line":30,"column":7}},"8":{"start":{"line":26,"column":8},"end":{"line":26,"column":31}},"9":{"start":{"line":27,"column":8},"end":{"line":27,"column":33}},"10":{"start":{"line":27,"column":26},"end":{"line":27,"column":31}},"11":{"start":{"line":28,"column":13},"end":{"line":30,"column":7}},"12":{"start":{"line":29,"column":8},"end":{"line":29,"column":25}},"13":{"start":{"line":33,"column":25},"end":{"line":36,"column":5}},"14":{"start":{"line":34,"column":6},"end":{"line":34,"column":68}},"15":{"start":{"line":35,"column":6},"end":{"line":35,"column":31}},"16":{"start":{"line":35,"column":24},"end":{"line":35,"column":29}},"17":{"start":{"line":38,"column":4},"end":{"line":38,"column":56}},"18":{"start":{"line":39,"column":4},"end":{"line":39,"column":62}},"19":{"start":{"line":40,"column":4},"end":{"line":43,"column":6}},"20":{"start":{"line":41,"column":6},"end":{"line":41,"column":61}},"21":{"start":{"line":42,"column":6},"end":{"line":42,"column":67}},"22":{"start":{"line":46,"column":2},"end":{"line":125,"column":4}},"23":{"start":{"line":65,"column":31},"end":{"line":65,"column":47}}},"fnMap":{"0":{"name":"ShortcutsModal","decl":{"start":{"line":8,"column":24},"end":{"line":8,"column":38}},"loc":{"start":{"line":8,"column":41},"end":{"line":126,"column":1}},"line":8},"1":{"name":"(anonymous_1)","decl":{"start":{"line":11,"column":12},"end":{"line":11,"column":13}},"loc":{"start":{"line":11,"column":18},"end":{"line":44,"column":3}},"line":11},"2":{"name":"(anonymous_2)","decl":{"start":{"line":12,"column":26},"end":{"line":12,"column":27}},"loc":{"start":{"line":12,"column":52},"end":{"line":31,"column":5}},"line":12},"3":{"name":"(anonymous_3)","decl":{"start":{"line":27,"column":18},"end":{"line":27,"column":19}},"loc":{"start":{"line":27,"column":26},"end":{"line":27,"column":31}},"line":27},"4":{"name":"(anonymous_4)","decl":{"start":{"line":33,"column":25},"end":{"line":33,"column":26}},"loc":{"start":{"line":33,"column":31},"end":{"line":36,"column":5}},"line":33},"5":{"name":"(anonymous_5)","decl":{"start":{"line":35,"column":16},"end":{"line":35,"column":17}},"loc":{"start":{"line":35,"column":24},"end":{"line":35,"column":29}},"line":35},"6":{"name":"(anonymous_6)","decl":{"start":{"line":40,"column":11},"end":{"line":40,"column":12}},"loc":{"start":{"line":40,"column":17},"end":{"line":43,"column":5}},"line":40},"7":{"name":"(anonymous_7)","decl":{"start":{"line":65,"column":25},"end":{"line":65,"column":26}},"loc":{"start":{"line":65,"column":31},"end":{"line":65,"column":47}},"line":65}},"branchMap":{"0":{"loc":{"start":{"line":15,"column":6},"end":{"line":22,"column":7}},"type":"if","locations":[{"start":{"line":15,"column":6},"end":{"line":22,"column":7}},{"start":{},"end":{}}],"line":15},"1":{"loc":{"start":{"line":16,"column":8},"end":{"line":19,"column":60}},"type":"binary-expr","locations":[{"start":{"line":16,"column":8},"end":{"line":16,"column":14}},{"start":{"line":17,"column":9},"end":{"line":17,"column":35}},{"start":{"line":18,"column":10},"end":{"line":18,"column":39}},{"start":{"line":19,"column":10},"end":{"line":19,"column":59}}],"line":16},"2":{"loc":{"start":{"line":25,"column":6},"end":{"line":30,"column":7}},"type":"if","locations":[{"start":{"line":25,"column":6},"end":{"line":30,"column":7}},{"start":{"line":28,"column":13},"end":{"line":30,"column":7}}],"line":25},"3":{"loc":{"start":{"line":25,"column":10},"end":{"line":25,"column":45}},"type":"binary-expr","locations":[{"start":{"line":25,"column":10},"end":{"line":25,"column":27}},{"start":{"line":25,"column":31},"end":{"line":25,"column":45}}],"line":25},"4":{"loc":{"start":{"line":28,"column":13},"end":{"line":30,"column":7}},"type":"if","locations":[{"start":{"line":28,"column":13},"end":{"line":30,"column":7}},{"start":{},"end":{}}],"line":28},"5":{"loc":{"start":{"line":48,"column":7},"end":{"line":123,"column":7}},"type":"binary-expr","locations":[{"start":{"line":48,"column":7},"end":{"line":48,"column":13}},{"start":{"line":49,"column":8},"end":{"line":122,"column":14}}],"line":48}},"s":{"0":0,"1":0,"2":0,"3":0,"4":0,"5":0,"6":0,"7":0,"8":0,"9":0,"10":0,"11":0,"12":0,"13":0,"14":0,"15":0,"16":0,"17":0,"18":0,"19":0,"20":0,"21":0,"22":0,"23":0},"f":{"0":0,"1":0,"2":0,"3":0,"4":0,"5":0,"6":0,"7":0},"b":{"0":[0,0],"1":[0,0,0,0],"2":[0,0],"3":[0,0],"4":[0,0],"5":[0,0]},"_coverageSchema":"1a1c01bbd47fc00a2c39e90264f33305004495a9","hash":"e678ec70d055c8cc4c51f85cde118810d512a2b0"},"/home/abhi/Downloads/fedora/habit-tracker/src/components/layout/ShortcutsProvider.tsx":{"path":"/home/abhi/Downloads/fedora/habit-tracker/src/components/layout/ShortcutsProvider.tsx","statementMap":{"0":{"start":{"line":7,"column":2},"end":{"line":7,"column":25}},"1":{"start":{"line":8,"column":2},"end":{"line":8,"column":28}}},"fnMap":{"0":{"name":"ShortcutsProvider","decl":{"start":{"line":6,"column":16},"end":{"line":6,"column":33}},"loc":{"start":{"line":6,"column":36},"end":{"line":9,"column":1}},"line":6}},"branchMap":{},"s":{"0":0,"1":0},"f":{"0":0},"b":{},"_coverageSchema":"1a1c01bbd47fc00a2c39e90264f33305004495a9","hash":"5c62a20f1f9a2bdbfc867586fb0d6d5c3a8c97d9"},"/home/abhi/Downloads/fedora/habit-tracker/src/components/pwa/service-worker-registration.tsx":{"path":"/home/abhi/Downloads/fedora/habit-tracker/src/components/pwa/service-worker-registration.tsx","statementMap":{"0":{"start":{"line":6,"column":2},"end":{"line":33,"column":9}},"1":{"start":{"line":7,"column":4},"end":{"line":9,"column":5}},"2":{"start":{"line":8,"column":6},"end":{"line":8,"column":13}},"3":{"start":{"line":11,"column":23},"end":{"line":25,"column":5}},"4":{"start":{"line":12,"column":6},"end":{"line":24,"column":11}},"5":{"start":{"line":15,"column":10},"end":{"line":15,"column":83}},"6":{"start":{"line":18,"column":10},"end":{"line":20,"column":29}},"7":{"start":{"line":19,"column":12},"end":{"line":19,"column":34}},"8":{"start":{"line":23,"column":10},"end":{"line":23,"column":70}},"9":{"start":{"line":27,"column":4},"end":{"line":32,"column":5}},"10":{"start":{"line":28,"column":6},"end":{"line":28,"column":19}},"11":{"start":{"line":30,"column":6},"end":{"line":30,"column":50}},"12":{"start":{"line":31,"column":6},"end":{"line":31,"column":66}},"13":{"start":{"line":31,"column":19},"end":{"line":31,"column":65}},"14":{"start":{"line":35,"column":2},"end":{"line":35,"column":14}}},"fnMap":{"0":{"name":"ServiceWorkerRegistration","decl":{"start":{"line":5,"column":16},"end":{"line":5,"column":41}},"loc":{"start":{"line":5,"column":44},"end":{"line":36,"column":1}},"line":5},"1":{"name":"(anonymous_1)","decl":{"start":{"line":6,"column":12},"end":{"line":6,"column":13}},"loc":{"start":{"line":6,"column":18},"end":{"line":33,"column":3}},"line":6},"2":{"name":"(anonymous_2)","decl":{"start":{"line":11,"column":23},"end":{"line":11,"column":24}},"loc":{"start":{"line":11,"column":29},"end":{"line":25,"column":5}},"line":11},"3":{"name":"(anonymous_3)","decl":{"start":{"line":14,"column":14},"end":{"line":14,"column":15}},"loc":{"start":{"line":14,"column":32},"end":{"line":21,"column":9}},"line":14},"4":{"name":"(anonymous_4)","decl":{"start":{"line":18,"column":22},"end":{"line":18,"column":23}},"loc":{"start":{"line":18,"column":28},"end":{"line":20,"column":11}},"line":18},"5":{"name":"(anonymous_5)","decl":{"start":{"line":22,"column":15},"end":{"line":22,"column":16}},"loc":{"start":{"line":22,"column":26},"end":{"line":24,"column":9}},"line":22},"6":{"name":"(anonymous_6)","decl":{"start":{"line":31,"column":13},"end":{"line":31,"column":14}},"loc":{"start":{"line":31,"column":19},"end":{"line":31,"column":65}},"line":31}},"branchMap":{"0":{"loc":{"start":{"line":7,"column":4},"end":{"line":9,"column":5}},"type":"if","locations":[{"start":{"line":7,"column":4},"end":{"line":9,"column":5}},{"start":{},"end":{}}],"line":7},"1":{"loc":{"start":{"line":7,"column":8},"end":{"line":7,"column":72}},"type":"binary-expr","locations":[{"start":{"line":7,"column":8},"end":{"line":7,"column":37}},{"start":{"line":7,"column":41},"end":{"line":7,"column":72}}],"line":7},"2":{"loc":{"start":{"line":27,"column":4},"end":{"line":32,"column":5}},"type":"if","locations":[{"start":{"line":27,"column":4},"end":{"line":32,"column":5}},{"start":{"line":29,"column":11},"end":{"line":32,"column":5}}],"line":27}},"s":{"0":0,"1":0,"2":0,"3":0,"4":0,"5":0,"6":0,"7":0,"8":0,"9":0,"10":0,"11":0,"12":0,"13":0,"14":0},"f":{"0":0,"1":0,"2":0,"3":0,"4":0,"5":0,"6":0},"b":{"0":[0,0],"1":[0,0],"2":[0,0]},"_coverageSchema":"1a1c01bbd47fc00a2c39e90264f33305004495a9","hash":"09bb59f2e5d579050ebf269f8a9e315b06c0fa7c"},"/home/abhi/Downloads/fedora/habit-tracker/src/lib/location.ts":{"path":"/home/abhi/Downloads/fedora/habit-tracker/src/lib/location.ts","statementMap":{"0":{"start":{"line":7,"column":4},"end":{"line":23,"column":7}},"1":{"start":{"line":8,"column":8},"end":{"line":22,"column":9}},"2":{"start":{"line":9,"column":12},"end":{"line":9,"column":78}},"3":{"start":{"line":11,"column":12},"end":{"line":21,"column":14}},"4":{"start":{"line":13,"column":20},"end":{"line":16,"column":23}},"5":{"start":{"line":19,"column":20},"end":{"line":19,"column":34}},"6":{"start":{"line":31,"column":14},"end":{"line":31,"column":20}},"7":{"start":{"line":32,"column":17},"end":{"line":32,"column":50}},"8":{"start":{"line":33,"column":17},"end":{"line":33,"column":50}},"9":{"start":{"line":34,"column":21},"end":{"line":34,"column":74}},"10":{"start":{"line":35,"column":21},"end":{"line":35,"column":76}},"11":{"start":{"line":38,"column":8},"end":{"line":42,"column":30}},"12":{"start":{"line":44,"column":14},"end":{"line":44,"column":60}},"13":{"start":{"line":46,"column":4},"end":{"line":46,"column":17}},"14":{"start":{"line":50,"column":4},"end":{"line":58,"column":5}},"15":{"start":{"line":51,"column":27},"end":{"line":51,"column":74}},"16":{"start":{"line":51,"column":53},"end":{"line":51,"column":73}},"17":{"start":{"line":52,"column":8},"end":{"line":54,"column":9}},"18":{"start":{"line":53,"column":12},"end":{"line":53,"column":53}},"19":{"start":{"line":55,"column":8},"end":{"line":55,"column":20}},"20":{"start":{"line":57,"column":8},"end":{"line":57,"column":20}}},"fnMap":{"0":{"name":"getCurrentPosition","decl":{"start":{"line":6,"column":16},"end":{"line":6,"column":34}},"loc":{"start":{"line":6,"column":59},"end":{"line":24,"column":1}},"line":6},"1":{"name":"(anonymous_1)","decl":{"start":{"line":7,"column":23},"end":{"line":7,"column":24}},"loc":{"start":{"line":7,"column":44},"end":{"line":23,"column":5}},"line":7},"2":{"name":"(anonymous_2)","decl":{"start":{"line":12,"column":16},"end":{"line":12,"column":17}},"loc":{"start":{"line":12,"column":30},"end":{"line":17,"column":17}},"line":12},"3":{"name":"(anonymous_3)","decl":{"start":{"line":18,"column":16},"end":{"line":18,"column":17}},"loc":{"start":{"line":18,"column":27},"end":{"line":20,"column":17}},"line":18},"4":{"name":"calculateDistance","decl":{"start":{"line":27,"column":16},"end":{"line":27,"column":33}},"loc":{"start":{"line":30,"column":10},"end":{"line":47,"column":1}},"line":30},"5":{"name":"parseCoordinates","decl":{"start":{"line":49,"column":16},"end":{"line":49,"column":32}},"loc":{"start":{"line":49,"column":68},"end":{"line":59,"column":1}},"line":49},"6":{"name":"(anonymous_6)","decl":{"start":{"line":51,"column":48},"end":{"line":51,"column":49}},"loc":{"start":{"line":51,"column":53},"end":{"line":51,"column":73}},"line":51}},"branchMap":{"0":{"loc":{"start":{"line":8,"column":8},"end":{"line":22,"column":9}},"type":"if","locations":[{"start":{"line":8,"column":8},"end":{"line":22,"column":9}},{"start":{"line":10,"column":15},"end":{"line":22,"column":9}}],"line":8},"1":{"loc":{"start":{"line":52,"column":8},"end":{"line":54,"column":9}},"type":"if","locations":[{"start":{"line":52,"column":8},"end":{"line":54,"column":9}},{"start":{},"end":{}}],"line":52},"2":{"loc":{"start":{"line":52,"column":12},"end":{"line":52,"column":38}},"type":"binary-expr","locations":[{"start":{"line":52,"column":12},"end":{"line":52,"column":23}},{"start":{"line":52,"column":27},"end":{"line":52,"column":38}}],"line":52}},"s":{"0":0,"1":0,"2":0,"3":0,"4":0,"5":0,"6":0,"7":0,"8":0,"9":0,"10":0,"11":0,"12":0,"13":0,"14":0,"15":0,"16":0,"17":0,"18":0,"19":0,"20":0},"f":{"0":0,"1":0,"2":0,"3":0,"4":0,"5":0,"6":0},"b":{"0":[0,0],"1":[0,0],"2":[0,0]},"_coverageSchema":"1a1c01bbd47fc00a2c39e90264f33305004495a9","hash":"520a9478a2f5adbdad1e661965e5babc750fb51c"},"/home/abhi/Downloads/fedora/habit-tracker/src/components/routines/RoutineTriggerWatcher.tsx":{"path":"/home/abhi/Downloads/fedora/habit-tracker/src/components/routines/RoutineTriggerWatcher.tsx","statementMap":{"0":{"start":{"line":11,"column":25},"end":{"line":11,"column":42}},"1":{"start":{"line":12,"column":19},"end":{"line":12,"column":30}},"2":{"start":{"line":13,"column":21},"end":{"line":13,"column":34}},"3":{"start":{"line":15,"column":4},"end":{"line":69,"column":27}},"4":{"start":{"line":16,"column":8},"end":{"line":16,"column":76}},"5":{"start":{"line":16,"column":69},"end":{"line":16,"column":76}},"6":{"start":{"line":20,"column":36},"end":{"line":24,"column":9}},"7":{"start":{"line":21,"column":12},"end":{"line":23,"column":29}},"8":{"start":{"line":26,"column":8},"end":{"line":26,"column":41}},"9":{"start":{"line":26,"column":34},"end":{"line":26,"column":41}},"10":{"start":{"line":28,"column":30},"end":{"line":57,"column":9}},"11":{"start":{"line":29,"column":12},"end":{"line":56,"column":13}},"12":{"start":{"line":30,"column":33},"end":{"line":30,"column":59}},"13":{"start":{"line":32,"column":16},"end":{"line":53,"column":19}},"14":{"start":{"line":33,"column":20},"end":{"line":52,"column":21}},"15":{"start":{"line":34,"column":45},"end":{"line":34,"column":83}},"16":{"start":{"line":36,"column":24},"end":{"line":51,"column":25}},"17":{"start":{"line":37,"column":45},"end":{"line":37,"column":86}},"18":{"start":{"line":39,"column":28},"end":{"line":50,"column":29}},"19":{"start":{"line":40,"column":32},"end":{"line":49,"column":35}},"20":{"start":{"line":45,"column":44},"end":{"line":45,"column":88}},"21":{"start":{"line":60,"column":31},"end":{"line":60,"column":62}},"22":{"start":{"line":63,"column":27},"end":{"line":63,"column":68}},"23":{"start":{"line":65,"column":8},"end":{"line":68,"column":10}},"24":{"start":{"line":66,"column":12},"end":{"line":66,"column":38}},"25":{"start":{"line":67,"column":12},"end":{"line":67,"column":41}},"26":{"start":{"line":71,"column":4},"end":{"line":71,"column":16}}},"fnMap":{"0":{"name":"RoutineTriggerWatcher","decl":{"start":{"line":10,"column":16},"end":{"line":10,"column":37}},"loc":{"start":{"line":10,"column":40},"end":{"line":72,"column":1}},"line":10},"1":{"name":"(anonymous_1)","decl":{"start":{"line":15,"column":14},"end":{"line":15,"column":15}},"loc":{"start":{"line":15,"column":20},"end":{"line":69,"column":5}},"line":15},"2":{"name":"(anonymous_2)","decl":{"start":{"line":20,"column":50},"end":{"line":20,"column":51}},"loc":{"start":{"line":21,"column":12},"end":{"line":23,"column":29}},"line":21},"3":{"name":"(anonymous_3)","decl":{"start":{"line":28,"column":30},"end":{"line":28,"column":31}},"loc":{"start":{"line":28,"column":42},"end":{"line":57,"column":9}},"line":28},"4":{"name":"(anonymous_4)","decl":{"start":{"line":32,"column":33},"end":{"line":32,"column":34}},"loc":{"start":{"line":32,"column":44},"end":{"line":53,"column":17}},"line":32},"5":{"name":"(anonymous_5)","decl":{"start":{"line":44,"column":49},"end":{"line":44,"column":50}},"loc":{"start":{"line":44,"column":55},"end":{"line":46,"column":41}},"line":44},"6":{"name":"(anonymous_6)","decl":{"start":{"line":65,"column":15},"end":{"line":65,"column":16}},"loc":{"start":{"line":65,"column":21},"end":{"line":68,"column":9}},"line":65}},"branchMap":{"0":{"loc":{"start":{"line":16,"column":8},"end":{"line":16,"column":76}},"type":"if","locations":[{"start":{"line":16,"column":8},"end":{"line":16,"column":76}},{"start":{},"end":{}}],"line":16},"1":{"loc":{"start":{"line":16,"column":12},"end":{"line":16,"column":67}},"type":"binary-expr","locations":[{"start":{"line":16,"column":12},"end":{"line":16,"column":41}},{"start":{"line":16,"column":45},"end":{"line":16,"column":67}}],"line":16},"2":{"loc":{"start":{"line":21,"column":12},"end":{"line":23,"column":29}},"type":"binary-expr","locations":[{"start":{"line":21,"column":12},"end":{"line":21,"column":46}},{"start":{"line":22,"column":12},"end":{"line":22,"column":32}},{"start":{"line":23,"column":12},"end":{"line":23,"column":29}}],"line":21},"3":{"loc":{"start":{"line":26,"column":8},"end":{"line":26,"column":41}},"type":"if","locations":[{"start":{"line":26,"column":8},"end":{"line":26,"column":41}},{"start":{},"end":{}}],"line":26},"4":{"loc":{"start":{"line":33,"column":20},"end":{"line":52,"column":21}},"type":"if","locations":[{"start":{"line":33,"column":20},"end":{"line":52,"column":21}},{"start":{},"end":{}}],"line":33},"5":{"loc":{"start":{"line":33,"column":24},"end":{"line":33,"column":103}},"type":"binary-expr","locations":[{"start":{"line":33,"column":24},"end":{"line":33,"column":58}},{"start":{"line":33,"column":62},"end":{"line":33,"column":82}},{"start":{"line":33,"column":86},"end":{"line":33,"column":103}}],"line":33},"6":{"loc":{"start":{"line":36,"column":24},"end":{"line":51,"column":25}},"type":"if","locations":[{"start":{"line":36,"column":24},"end":{"line":51,"column":25}},{"start":{},"end":{}}],"line":36},"7":{"loc":{"start":{"line":39,"column":28},"end":{"line":50,"column":29}},"type":"if","locations":[{"start":{"line":39,"column":28},"end":{"line":50,"column":29}},{"start":{},"end":{}}],"line":39}},"s":{"0":0,"1":0,"2":0,"3":0,"4":0,"5":0,"6":0,"7":0,"8":0,"9":0,"10":0,"11":0,"12":0,"13":0,"14":0,"15":0,"16":0,"17":0,"18":0,"19":0,"20":0,"21":0,"22":0,"23":0,"24":0,"25":0,"26":0},"f":{"0":0,"1":0,"2":0,"3":0,"4":0,"5":0,"6":0},"b":{"0":[0,0],"1":[0,0],"2":[0,0,0],"3":[0,0],"4":[0,0],"5":[0,0,0],"6":[0,0],"7":[0,0]},"_coverageSchema":"1a1c01bbd47fc00a2c39e90264f33305004495a9","hash":"b8b9e7b1f76cdae416c8a207d5232e7d1959b616"},"/home/abhi/Downloads/fedora/habit-tracker/src/components/ui/sonner.tsx":{"path":"/home/abhi/Downloads/fedora/habit-tracker/src/components/ui/sonner.tsx","statementMap":{"0":{"start":{"line":13,"column":16},"end":{"line":38,"column":1}},"1":{"start":{"line":14,"column":31},"end":{"line":14,"column":41}},"2":{"start":{"line":16,"column":2},"end":{"line":37,"column":3}}},"fnMap":{"0":{"name":"(anonymous_0)","decl":{"start":{"line":13,"column":16},"end":{"line":13,"column":17}},"loc":{"start":{"line":13,"column":48},"end":{"line":38,"column":1}},"line":13}},"branchMap":{"0":{"loc":{"start":{"line":14,"column":10},"end":{"line":14,"column":26}},"type":"default-arg","locations":[{"start":{"line":14,"column":18},"end":{"line":14,"column":26}}],"line":14}},"s":{"0":1,"1":0,"2":0},"f":{"0":0},"b":{"0":[0]},"_coverageSchema":"1a1c01bbd47fc00a2c39e90264f33305004495a9","hash":"47ceae93f0c78240bd1f4c3394b34992dab7ca7e"}}